[debug] [2019-05-10T03:28:12.144Z] ----------------------------------------------------------------------
[debug] [2019-05-10T03:28:12.180Z] Command:       /usr/bin/node /usr/local/bin/firebase deploy
[debug] [2019-05-10T03:28:12.181Z] CLI Version:   6.9.1
[debug] [2019-05-10T03:28:12.184Z] Platform:      linux
[debug] [2019-05-10T03:28:12.184Z] Node Version:  v8.10.0
[debug] [2019-05-10T03:28:12.184Z] Time:          Thu May 09 2019 21:28:12 GMT-0600 (CST)
[debug] [2019-05-10T03:28:12.184Z] ----------------------------------------------------------------------
[debug] 
[debug] [2019-05-10T03:28:12.245Z] > command requires scopes: ["email","openid","https://www.googleapis.com/auth/cloudplatformprojects.readonly","https://www.googleapis.com/auth/firebase","https://www.googleapis.com/auth/cloud-platform"]
[debug] [2019-05-10T03:28:12.246Z] > authorizing via signed-in user
[debug] [2019-05-10T03:28:12.246Z] [iam] checking project cobepos for permissions ["firebase.projects.get","firebasehosting.sites.update"]
[debug] [2019-05-10T03:28:12.260Z] >>> HTTP REQUEST POST https://cloudresourcemanager.googleapis.com/v1/projects/cobepos:testIamPermissions  

[debug] [2019-05-10T03:28:12.866Z] <<< HTTP RESPONSE 200
[debug] [2019-05-10T03:28:12.880Z] >>> HTTP REQUEST GET https://firebase.googleapis.com/v1beta1/projects/cobepos  
 
[debug] [2019-05-10T03:28:13.466Z] <<< HTTP RESPONSE 200
[info] 
[info] === Deploying to 'cobepos'...
[info] 
[info] i  deploying hosting
[debug] [2019-05-10T03:28:13.485Z] >>> HTTP REQUEST POST https://firebasehosting.googleapis.com/v1beta1/sites/cobepos/versions  

[debug] [2019-05-10T03:28:15.825Z] <<< HTTP RESPONSE 200
[info] i  hosting[cobepos]: beginning deploy...
[info] i  hosting[cobepos]: found 308 files in dist
[debug] [2019-05-10T03:28:16.251Z] [hosting] hash cache [ZGlzdA] not populated
[debug] [2019-05-10T03:28:34.262Z] [hosting] hash cache [ZGlzdA] stored for 308 files
[debug] [2019-05-10T03:28:34.268Z] [hosting][hash queue][FINAL]
[debug] [2019-05-10T03:28:34.272Z] >>> HTTP REQUEST POST https://firebasehosting.googleapis.com/v1beta1/sites/cobepos/versions/54c6629f267a80a9:populateFiles  
 <request body omitted>
[debug] [2019-05-10T03:28:37.878Z] <<< HTTP RESPONSE 200
[debug] [2019-05-10T03:28:38.555Z] [hosting][populate queue][FINAL]
[debug] [2019-05-10T03:28:38.555Z] [hosting] uploads queued: 302
[debug] [2019-05-10T03:28:47.058Z] [hosting][upload]
[debug] [2019-05-10T03:28:51.548Z] [uploadQueue] Retrying task 7955e9f44234e00959116005a8d44333f651994d54fe87b32be6a4002da3f11f
[debug] [2019-05-10T03:28:51.574Z] [uploadQueue] Retrying task af593e8a1d0428c8e47fe55971fbc0e808864d0e402329750f2e558f585d89d1
[debug] [2019-05-10T03:28:51.629Z] [uploadQueue] Retrying task d221095cac4bed0eeb8134edd5f3a837bd549deeed2b909c53847fb4dd2ae304
[debug] [2019-05-10T03:28:51.630Z] [uploadQueue] Retrying task 5ac465b7687e1ec9e2c9bf55b076ad77dc08294594e0ee77664afcdf531830df
[debug] [2019-05-10T03:28:51.810Z] [uploadQueue] Retrying task 125b0d5de11de59e1c95fb1cdabaf996942c01c9ffac6c385a5e73bee3fe811e
[debug] [2019-05-10T03:28:51.845Z] [uploadQueue] Retrying task 2746890992e99047c22133b38bdae3c66a8223aae5d7e279ab45c207aebaab07
[debug] [2019-05-10T03:28:51.853Z] [uploadQueue] Retrying task a835030257833ad39e4e03ba3282bf0cbc3a9560475da5cd25f89525657b3b01
[debug] [2019-05-10T03:28:51.853Z] [uploadQueue] Retrying task cbee95381e0a4c68ca6ab756d440cfbc6d9277242d6082071e779facbdb2336d
[debug] [2019-05-10T03:28:51.863Z] [uploadQueue] Retrying task f4f925cd4358f6a6015d446cd0754defc633be67843579c962d23a14ae31e87d
[debug] [2019-05-10T03:28:51.870Z] [uploadQueue] Retrying task 4cf4433c96a15b283d755ff1510515ee5882121dc0730fac70997143ce255761
[debug] [2019-05-10T03:28:51.895Z] [uploadQueue] Retrying task d175d7050f92c37f1c57a194ee92f86e6282f672359ae604a88058451e7f3b44
[debug] [2019-05-10T03:28:51.915Z] [uploadQueue] Retrying task d8435ce2c84df26f0d2e9753176c67b5dbf29d93d80535208cf1ca71e0e545d8
[debug] [2019-05-10T03:28:51.916Z] [uploadQueue] Retrying task d42b1d1ab148b8ae58ba66c4ae38f670292c57b663e109ac2d90378b4302f9cd
[debug] [2019-05-10T03:28:51.942Z] [uploadQueue] Retrying task 71265bccaaf3351890b3930f3a249700999cb68a8d6b81483be0bc349650f2e1
[debug] [2019-05-10T03:28:52.017Z] [uploadQueue] Retrying task 7656cc9a54fd23cfe60b819c0353f65042c8a9b69b537b19bd7a2599e5eab469
[debug] [2019-05-10T03:28:52.020Z] [uploadQueue] Retrying task dc17a5e12f0ac54b593f734bd2382d5654a1456291273b551de44fae6f1a54f4
[debug] [2019-05-10T03:28:52.020Z] [uploadQueue] Retrying task 8bc123a7838a7fc8dd089ef1fd3a27d5b0dcfaf5edead3a6555acb30fc62e082
[debug] [2019-05-10T03:28:52.043Z] [uploadQueue] Retrying task 15f1996406b7335be9de6e51206832ec7b83b0d7b19caf14806d5efaa8026141
[debug] [2019-05-10T03:28:52.065Z] [uploadQueue] Retrying task 84851a1e0753ddab3960930a8eae8a1a55c6d9bde46e07f6b3d9264d14617c02
[debug] [2019-05-10T03:28:52.066Z] [uploadQueue] Retrying task 49baad8255957d1e93779523ec79c3d6f1cd6047758a63369610475d1a816fce
[debug] [2019-05-10T03:28:52.130Z] [uploadQueue] Retrying task 539fc53515e72e25c03f7ea8afbbed137e2267919c7629f883c81eca7de18885
[debug] [2019-05-10T03:28:52.130Z] [uploadQueue] Retrying task 1df67cd76900bb90b7fe9126407c81c56578c317a96cbe836c6546b0c35a420e
[debug] [2019-05-10T03:28:52.168Z] [uploadQueue] Retrying task 2495b4513ac1d078f9e25b5f8bc2df120af5d9e1cccd45eeeb64b590a63be7c5
[debug] [2019-05-10T03:28:52.168Z] [uploadQueue] Retrying task 401f281dbd2caf32e5f9f98e1eac095fc4e529f931224e1fdbfb531622b74de6
[debug] [2019-05-10T03:28:52.168Z] [uploadQueue] Retrying task 218ce05a709300760785600e0a2275b9aa098d8032f070d99137b70996c49abd
[debug] [2019-05-10T03:28:52.169Z] [uploadQueue] Retrying task d27868915eb5b863fd6174c93a59d5eef6a722a917fa6111711feeef2025edfc
[debug] [2019-05-10T03:28:52.181Z] [uploadQueue] Retrying task e2f3e56051a63489fdaab94758ba8fecb74a10b8d5181745288662b434f1f68c
[debug] [2019-05-10T03:28:52.182Z] [uploadQueue] Retrying task 0d0327811e022bb78c971f5a63313a07f8e20ff87f16ec320929ab2e944aca6f
[debug] [2019-05-10T03:28:52.182Z] [uploadQueue] Retrying task 406e6484245248c90b2a06c475b0a3e931bd98d503f70bec27dff4978032d558
[debug] [2019-05-10T03:28:52.230Z] [uploadQueue] Retrying task 0f778e93a7f3f233eddb3bd167a11d16222cafb65ada7729881e065226911020
[debug] [2019-05-10T03:28:52.231Z] [uploadQueue] Retrying task 692be06f8e9afac7ee8f448aa393de01efb8ed09b327385365511c1629146919
[debug] [2019-05-10T03:28:52.231Z] [uploadQueue] Retrying task a2b5235a24ddda4ffbe63e5db2c6628f85c1314b964ff7d217b8c6764640a98a
[debug] [2019-05-10T03:28:52.231Z] [uploadQueue] Retrying task a687e7161d29b40814264913cb52abeb9ceae98b59351793c185128f570a3b6a
[debug] [2019-05-10T03:28:52.236Z] [uploadQueue] Retrying task 745d62d1a9d83dd54627f0669648b7b0a8c85bb6240cadfcdab1290265c7ffa5
[debug] [2019-05-10T03:28:52.236Z] [uploadQueue] Retrying task 335083796b7ac12e351844e06b75242e0b5b555bbab6d97bac37ea6f2d655527
[debug] [2019-05-10T03:28:52.237Z] [uploadQueue] Retrying task 8b25cc3a27179b01ff4b4848d55e0b70e1754b1d74878e082995d90f4f1d6959
[debug] [2019-05-10T03:28:52.237Z] [uploadQueue] Retrying task 6b922091af6fc4ad6271e468c4386e2bbf697d9b4cafefb40ea6f4fd575ff937
[debug] [2019-05-10T03:28:52.238Z] [uploadQueue] Retrying task 972fceae67b596ed0e744ce55a676d6b9a98a41be664ad3748ba4a2ae97dc79f
[debug] [2019-05-10T03:28:52.307Z] [uploadQueue] Retrying task f58a608d7eecd2cd6a157f986211aaf8a2010f4beadcd26f264a6ab3a3a0e282
[debug] [2019-05-10T03:28:52.412Z] [uploadQueue] Retrying task 60d2d4e5216040bf65f57c2ec95dd0ce64d05b0078d9a9ee5b7a2ce8eb051395
[debug] [2019-05-10T03:28:52.413Z] [uploadQueue] Retrying task a488bb768e385afb610276763269f96862518eb3aa40bcd58499bcf163d32216
[debug] [2019-05-10T03:28:52.413Z] [uploadQueue] Retrying task ac7921433633dae515cc0f2c585c4a397a3c2c2925eccfba6875f0b5ee0af90b
[debug] [2019-05-10T03:28:52.414Z] [uploadQueue] Retrying task c258ea5c8fcb4c94499bce19f32ee894e2aac89b163030c68b8dd99086d9b96b
[debug] [2019-05-10T03:28:52.414Z] [uploadQueue] Retrying task 7e9a889c13264c6927013fb007c24d62fa37166f53e00b91cc36e238b26eb9dd
[debug] [2019-05-10T03:28:52.522Z] [uploadQueue] Retrying task 688ea7423d112bd2748f6146aa69640c7785f6117a7156a6b38b33d7e16d946f
[debug] [2019-05-10T03:28:52.523Z] [uploadQueue] Retrying task ee73eee318526fea47c7c0d5604a9744dd9c9e4b1c1e159cd645245847d001e4
[debug] [2019-05-10T03:28:52.523Z] [uploadQueue] Retrying task 9f3e526cc21370f2d50455ad205b7c34ab2872fc51520458a770584a5e9765e2
[debug] [2019-05-10T03:28:52.528Z] [uploadQueue] Retrying task 3047cf1678f53fe6817cd442bacd268a38c7ce0efca5f4ce06dd0d6aef20475a
[debug] [2019-05-10T03:28:52.528Z] [uploadQueue] Retrying task b42201b257b5252eee1ab804a37ac731a0af8826831fc0d5993e84dc82bf489c
[debug] [2019-05-10T03:28:52.705Z] [uploadQueue] Retrying task f77ba0224aef3e2703ddf5eb9a9bfc3a01764dbc2ef1838f40e128504d901169
[debug] [2019-05-10T03:28:52.708Z] [uploadQueue] Retrying task dec611a7269245bd551929713214201d1fdd46e85422b28291134804c968e85e
[debug] [2019-05-10T03:28:54.326Z] [uploadQueue] Retrying task 6e1be9add95fe68f1080c9dc78122e981b953c012bac551235ba33c01de346cc
[debug] [2019-05-10T03:28:54.588Z] [uploadQueue] Retrying task 5e3e694d04e219879ac095bf20b3dd39af3b485bdf82323923af24c6a8f99bbe
[debug] [2019-05-10T03:28:54.620Z] [uploadQueue] Retrying task acc5386a467c6824ad0bd66629501d59de45126883f7964524d8ab214490ba54
[debug] [2019-05-10T03:28:55.516Z] [uploadQueue] Retrying task 075cc8b2430c26bcc2e6db1847f2364fa74427b74d1a635fc747f469d2e3f7ac
[debug] [2019-05-10T03:29:00.113Z] [uploadQueue] Retrying task 2fbc5838e48acebe4702a1db0518cd2f7888362ed6ca12350684f6344532bf59
[debug] [2019-05-10T03:29:00.256Z] [uploadQueue] Retrying task 7a9d7516130ec526280e786f7de7d92feba1e7394243a8d8f0df142f21d2a00f
[debug] [2019-05-10T03:29:00.272Z] [uploadQueue] Retrying task c61154968fa26e358dfce318ab5ed516997b13527faa5df77f9b2a835c6a5646
[debug] [2019-05-10T03:29:01.042Z] [uploadQueue] Retrying task 97853945a2eec8ac2f09c00fdbd063195da2c6211f51f2cc7c4c86f28623e7c8
[debug] [2019-05-10T03:29:01.146Z] [uploadQueue] Retrying task f24f9218c83bd583fda54fcc38285deb85e26b213dda5fcd3908dc770b99f29d
[debug] [2019-05-10T03:29:02.164Z] [uploadQueue] Retrying task 089cdd75cceb19d865a67a4a818854a684aa7e19981ea35000b0a4481acba445
[debug] [2019-05-10T03:29:03.839Z] [uploadQueue] Retrying task 15f1996406b7335be9de6e51206832ec7b83b0d7b19caf14806d5efaa8026141
[debug] [2019-05-10T03:29:04.706Z] [uploadQueue] Retrying task dc17a5e12f0ac54b593f734bd2382d5654a1456291273b551de44fae6f1a54f4
[debug] [2019-05-10T03:29:04.746Z] [uploadQueue] Retrying task d175d7050f92c37f1c57a194ee92f86e6282f672359ae604a88058451e7f3b44
[debug] [2019-05-10T03:29:05.236Z] [uploadQueue] Retrying task 60d2d4e5216040bf65f57c2ec95dd0ce64d05b0078d9a9ee5b7a2ce8eb051395
[debug] [2019-05-10T03:29:05.521Z] [uploadQueue] Retrying task c258ea5c8fcb4c94499bce19f32ee894e2aac89b163030c68b8dd99086d9b96b
[debug] [2019-05-10T03:29:05.623Z] [uploadQueue] Retrying task a835030257833ad39e4e03ba3282bf0cbc3a9560475da5cd25f89525657b3b01
[debug] [2019-05-10T03:29:07.245Z] [uploadQueue] Retrying task b87612acb32543c51e93ed8a50cbada0597af54cd23106109c1f891e096f3d05
[debug] [2019-05-10T03:29:07.459Z] [uploadQueue] Retrying task a488bb768e385afb610276763269f96862518eb3aa40bcd58499bcf163d32216
[debug] [2019-05-10T03:29:07.915Z] [uploadQueue] Retrying task fe78244e88fafd31131fa39dca0870f57a83d3412e3c2b3cc1392837b21e5526
[debug] [2019-05-10T03:29:08.534Z] [uploadQueue] Retrying task 0da70e810fe452eb137631385a179a7f6623951ff1acb12ee5b1bf822b0bb8df
[debug] [2019-05-10T03:29:08.625Z] [uploadQueue] Retrying task 7ea4741890bb2197b2b2afb911a4ce4300533510d8419af68cfdb6acd3bcae14
[debug] [2019-05-10T03:29:10.964Z] [uploadQueue] Retrying task eca5bce6b3682c717b67d940a9c135a39e4fd4bab7431c07f51b7e345d042a8f
[debug] [2019-05-10T03:29:11.044Z] [uploadQueue] Retrying task 837a59780f9cf4c1a779dd997e5e7a8b317c17594701e996582d9fb7cb266c9e
[debug] [2019-05-10T03:29:11.184Z] [uploadQueue] Retrying task 0ad12ac82af0a33a24e2fec13397d78c548fb4279abadafb6bb48bbd101a7293
[debug] [2019-05-10T03:29:11.266Z] [uploadQueue] Retrying task e49b311921dcd29201c3b1e74656c703215a389e419cabf3b57107792d0e7d6c
[debug] [2019-05-10T03:29:11.336Z] [uploadQueue] Retrying task a687e7161d29b40814264913cb52abeb9ceae98b59351793c185128f570a3b6a
[debug] [2019-05-10T03:29:11.353Z] [uploadQueue] Retrying task e0d436f76204c3c1561ffa8e94e6abf170c4fc3b5ff0d71f469a55ad519dc32b
[debug] [2019-05-10T03:29:11.482Z] [uploadQueue] Retrying task 8c32ce2b5913e053796e39d2f4a0eb7e936f1b81edeb88f79e119d01c2668393
[debug] [2019-05-10T03:29:12.003Z] [uploadQueue] Retrying task 637bb776de1d530275082a95f9eb3645248e9cac147da588083140aae6fd3a65
[debug] [2019-05-10T03:29:12.248Z] [uploadQueue] Retrying task 26b7d08aac15bcb666be3ffd157bc8df5218a512f42a5814fee39403a7098974
[debug] [2019-05-10T03:29:13.081Z] [uploadQueue] Retrying task 4ad083739bd4d246814c68466d755bc4cbc3bede887f113ca139069cda2de9f8
[debug] [2019-05-10T03:29:13.215Z] [uploadQueue] Retrying task d6d202ec99acea3c5457f8601b240abc50ab1f0965ed22dc9769329ebd876540
[debug] [2019-05-10T03:29:13.271Z] [uploadQueue] Retrying task 022faf52dbaac19da059bcd898f82b393bcee8b4817044a95adef657a31f4edd
[debug] [2019-05-10T03:29:13.273Z] [uploadQueue] Retrying task af32cf9cee585aa75c463980d5821375a127d431de1f838a88a7dfee7626ab80
[debug] [2019-05-10T03:29:13.281Z] [uploadQueue] Retrying task 3c262bf01a784190aa06543d6ecde1b90a963ae9c804e9e21716c277f5cff9fa
[debug] [2019-05-10T03:29:13.457Z] [uploadQueue] Retrying task 5081380a7594331618031fedcf714f5f1effbef3266358165001404b8948583a
[debug] [2019-05-10T03:29:13.476Z] [uploadQueue] Retrying task c71e78357d573cc037812b8acc450822298124abb9a2f560e1e6a06f29aa85cd
[debug] [2019-05-10T03:29:13.489Z] [uploadQueue] Retrying task 03692f3a28f824f7261d6d383667745cfb4d3180976970d14c51eae10f6de475
[debug] [2019-05-10T03:29:13.494Z] [uploadQueue] Retrying task 1f3e20241021ed32a833e7c8c432a13e1c8c69bbbf243d6128adefd4e1a01a61
[debug] [2019-05-10T03:29:13.602Z] [uploadQueue] Retrying task 7e9b29e0e2ab133f8bcf20bcf90f688a59ee803327f4aae5aeaef5dd51a1508d
[debug] [2019-05-10T03:29:13.606Z] [uploadQueue] Retrying task e68b8cfd154fa395c02f923c65a6d4111089208e2fac6b200a3f35d2b9b53d04
[debug] [2019-05-10T03:29:13.627Z] [uploadQueue] Retrying task 6b88a9610512c20471e14bbd0104d83a653cbfa5665eccba448b05f7ea4dae03
[debug] [2019-05-10T03:29:13.691Z] [uploadQueue] Retrying task 807d52e55178e9dad8f0055a6829e4bc5dc7697333b01dc1259a6ab9425fa8d6
[debug] [2019-05-10T03:29:13.761Z] [uploadQueue] Retrying task ae0b31e239af4a284f91c3ebd547814c4322b2134d31bf3980d826a24828cb6b
[debug] [2019-05-10T03:29:13.773Z] [uploadQueue] Retrying task e6405ff2ce3b7fb3b1e7409f2ad7d7dc5013462aa2a4b6a8bb72af01c1ca1735
[debug] [2019-05-10T03:29:13.858Z] [uploadQueue] Retrying task 536e7e092eb4d2902ac56b30eee42993b0522e294ba7e28756f54eb078fba3ff
[debug] [2019-05-10T03:29:13.884Z] [uploadQueue] Retrying task aaf80f34b9a089d75fd14d017e1d9f4e5dbc6fe1c9620b38822bae7c2f8ce427
[debug] [2019-05-10T03:29:13.939Z] [uploadQueue] Retrying task 96ccf88365bc17aa9861471b4c969e22ab9382b25b7a92a78f0c3a237150675a
[debug] [2019-05-10T03:29:13.939Z] [uploadQueue] Retrying task 77d9d51822bc84d86fceed08e567226b42afd985db4e2d900e872da7851552cb
[debug] [2019-05-10T03:29:13.952Z] [uploadQueue] Retrying task 4792598ab1fcf4950047d11b82efef4e989bbd96c3ac397d2a33fec61d3540a8
[debug] [2019-05-10T03:29:13.953Z] [uploadQueue] Retrying task 55711eafe6407739ee5255b48711ae4f0e50049b67cda9c063f8084b9db3ced8
[debug] [2019-05-10T03:29:13.969Z] [uploadQueue] Retrying task e9638a5987120e8cb80818ae7b5c5c330b59f5edfac6a0916129338303193854
[debug] [2019-05-10T03:29:13.970Z] [uploadQueue] Retrying task 1660812d4ab8f124321e683461db3db446e4e648fb571c247c2a0efebe2fe366
[debug] [2019-05-10T03:29:13.998Z] [uploadQueue] Retrying task 6c2d438a19738a3b2b46fbe1f60889488c65b6f3a13b8a495603e1a3053af2aa
[debug] [2019-05-10T03:29:14.036Z] [uploadQueue] Retrying task a3318f66f10432371be82ae29b22a3dce1b16a7057dff01174df0afee2b2f2ec
[debug] [2019-05-10T03:29:14.037Z] [uploadQueue] Retrying task 1280b73cdac146381d49f898aaec82dfee873769806705a4dad47e01b7b24eb7
[debug] [2019-05-10T03:29:14.122Z] [uploadQueue] Retrying task bd8350595246c8d8712ab50b658ce1cf1fc7ef266617d5214647a743c00b5e13
[debug] [2019-05-10T03:29:14.122Z] [uploadQueue] Retrying task b1ac77055833f3c99c515c175d0d47032dbb746abdfdaf32dd5031f9a0690769
[debug] [2019-05-10T03:29:14.204Z] [uploadQueue] Retrying task 7e4de2377aa19b09af4c6e03d01ba9082fab5c72242bbac543fb01aa21cbaf16
[debug] [2019-05-10T03:29:14.258Z] [uploadQueue] Retrying task ffa405d2f43e93a4d9f2c0036b76c7f05987ef3aa02975bef342a27c032122d5
[debug] [2019-05-10T03:29:14.262Z] [uploadQueue] Retrying task fb363154a986102548c11dec1e5203fa3a7e0dc3cfc0d1efc1456c7ac67c0cbb
[debug] [2019-05-10T03:29:14.337Z] [uploadQueue] Retrying task 9c0ee116df548c7bc8da7b9bc166686f6c591be8bb91d86a48fda0b023f733e9
[debug] [2019-05-10T03:29:14.402Z] [uploadQueue] Retrying task 17523d02169ac73d938cdf75e6900bc333e6714e098096f25997543e581aa20f
[debug] [2019-05-10T03:29:14.424Z] [uploadQueue] Retrying task acc5386a467c6824ad0bd66629501d59de45126883f7964524d8ab214490ba54
[debug] [2019-05-10T03:29:14.437Z] [uploadQueue] Retrying task 0ad5d286a415d150d577c3dff414455e80723394a82b483acce5a0e101dd84b9
[debug] [2019-05-10T03:29:14.481Z] [uploadQueue] Retrying task 2208d7e12b8c33f21d792913fc3ed6e6c4ab8c6cbf641db9d571e058e60a2312
[debug] [2019-05-10T03:29:14.522Z] [uploadQueue] Retrying task 6dcc0df40fc9e51d5646f831ff32546d6e7b3e104aabb398d225a3eadb29e698
[debug] [2019-05-10T03:29:14.597Z] [uploadQueue] Retrying task 0eb49c639498d1a3ff9abd624ceefb0c6e632e02d28abf5fad7ed7629699bf13
[debug] [2019-05-10T03:29:14.641Z] [uploadQueue] Retrying task 267a274479aafb505b4bb253b3e987313a6f44660f27bfd89396a70d0d445aee
[debug] [2019-05-10T03:29:14.641Z] [uploadQueue] Retrying task e31ab2b1a9e53cdba305ab75eb48fac7b9fe13343e1fa1d33eb47f2ec6df53f8
[debug] [2019-05-10T03:29:14.642Z] [uploadQueue] Retrying task baf1b5fb64e66d9db79815e38c64bdf5980fed84f3bf0c088a849fbb71b989bb
[debug] [2019-05-10T03:29:14.656Z] [uploadQueue] Retrying task a259f593a6a96c9ae3b572a5994c056f3f52d5d9663cfed50df31c5ab541f243
[debug] [2019-05-10T03:29:14.656Z] [uploadQueue] Retrying task f53227e051c0c56df2bff2460a2d7621b7aa688448e7e81ec457b9b43854cff2
[debug] [2019-05-10T03:29:15.056Z] [uploadQueue] Retrying task 4ad75219512104c07c5e013a14660ad13b6cf82a7a57d54529fe7a84ee7f879e
[debug] [2019-05-10T03:29:15.288Z] [uploadQueue] Retrying task 822435ffdc05c9f358fbfc9ab3e011c403f4dc160b17cff601d73f03926af1a5
[debug] [2019-05-10T03:29:15.299Z] [uploadQueue] Retrying task 4b0c671291afc0d1fbd5190409fe5a399c3d04b1dc490ec2c82c4b82d233d45f
[debug] [2019-05-10T03:29:15.346Z] [uploadQueue] Retrying task 5b089a52ecd262f82b9febcfbe69796ebfc6d0c19fdb4fe10a240dd1e7b65ba1
[debug] [2019-05-10T03:29:15.450Z] [uploadQueue] Retrying task 819fd99af22f0257bee1f82433cc4d428fa7e6851f4777fb9593f739ac378344
[debug] [2019-05-10T03:29:15.608Z] [uploadQueue] Retrying task dbe74579af0927de426a354f96e4bf275a6d1c7663aa7430315a708ed5e6fdc4
[debug] [2019-05-10T03:29:15.716Z] [uploadQueue] Retrying task e3fcba89a509d1b57eed4430124f93f7abf388130226061281b7ce009426dab0
[debug] [2019-05-10T03:29:15.812Z] [uploadQueue] Retrying task ff418b4d776cb09192702448cd99dadf1f64a57d414be17724c325233f9253f0
[debug] [2019-05-10T03:29:15.951Z] [uploadQueue] Retrying task 40bcfbb892852e9eb50e56d7aaac1758a5652ae25a969adaa6cb50c8f43489f5
[debug] [2019-05-10T03:29:15.978Z] [uploadQueue] Retrying task daa0bf023d51d2d738b769dd05d897376981cddfcfd5f7fbe9fe6bbcf661d067
[debug] [2019-05-10T03:29:16.062Z] [uploadQueue] Retrying task 75fb94ca4fda0646b22be27da3330cfcaaac271af6ee274c12f3502a79aba4c6
[debug] [2019-05-10T03:29:16.079Z] [uploadQueue] Retrying task 9703f1d0778b82677650620ea67e1e09eb7e628b6e7cee6c1f9f5d974b7a78a7
[debug] [2019-05-10T03:29:16.233Z] [uploadQueue] Retrying task ea1f5955ad3e5490c8e171d5105735c0cdc0c14ce9351819bc97700a6253e39b
[debug] [2019-05-10T03:29:16.834Z] [uploadQueue] Retrying task 2226027efc4eb9390890f9d5014447acbe23e5c38fe41ee8f042933eac857b38
[debug] [2019-05-10T03:29:16.895Z] [uploadQueue] Retrying task b78d7ea3130e1f9f6f9f2f3bb8e749677472a4967a5494ab288d2a5601bcbe92
[debug] [2019-05-10T03:29:16.915Z] [uploadQueue] Retrying task bcb08b47dfec82eb359bcef14b29d4720b696603c9db9ae5344b098538e056d7
[debug] [2019-05-10T03:29:17.067Z] [uploadQueue] Retrying task 780e58b25d7b80545aae67f5505af3bf8e544a885e44332a73cf94a7433d0947
[debug] [2019-05-10T03:29:17.121Z] [uploadQueue] Retrying task 67b1ae78b89c77cf496d912ab371787b036466b6fae9747ab799cebec262422e
[debug] [2019-05-10T03:29:17.152Z] [uploadQueue] Retrying task 32520abbb28543f53c8499499c197b7bf93b9f052ba90b29c5a365bad9977093
[debug] [2019-05-10T03:29:17.156Z] [uploadQueue] Retrying task 6d0a412cefd9e3b89a812938d1b952aa0dde94bc6f6040cb091ddf5c25c7585d
[debug] [2019-05-10T03:29:17.169Z] [uploadQueue] Retrying task db68294874393deb3020547cea626fe3de44f17d277fea13f692fc66df7dd87c
[debug] [2019-05-10T03:29:17.516Z] [uploadQueue] Retrying task d5da7bed098294168dcbe7f8d428a1aa387bba951d197353eced80bf64a3cf63
[debug] [2019-05-10T03:29:17.707Z] [uploadQueue] Retrying task b222abd238b20c52db4951542a7f9bad9378c8f487128f06ce7227552f318204
[debug] [2019-05-10T03:29:17.710Z] [uploadQueue] Retrying task 165fe2c88410f8959874d62a9d18cf069fd427d06ec7ecf49efd00d590276f3d
[debug] [2019-05-10T03:29:17.889Z] [uploadQueue] Retrying task b1665f72a5f42e0c1e17fdf2f78623db6271e6d112dbb5674a99401acb045c8a
[debug] [2019-05-10T03:29:17.955Z] [uploadQueue] Retrying task 94162742751e424550b05cf94369db41acf31877c2cb22601f7762cd9e233142
[debug] [2019-05-10T03:29:18.077Z] [uploadQueue] Retrying task e7d431179620cd9f6748be15c772bc0de3c7e9125ddaaec87ce680fdd525eaa3
[debug] [2019-05-10T03:29:18.142Z] [uploadQueue] Retrying task b0427c24ac37ffd83648e7e6a6d9a7f3c5dcf892d10ce2605a34c8c2967fd7c8
[debug] [2019-05-10T03:29:18.385Z] [uploadQueue] Retrying task 27e00d56e1b153542124e9c8c0ec62351b5e756e4303b441040d0ff263ae7d94
[debug] [2019-05-10T03:29:18.512Z] [uploadQueue] Retrying task 03b5d1c9ca43839d5508e126397887bb8fc4b93cec026a273847781c765df06a
[debug] [2019-05-10T03:29:18.717Z] [uploadQueue] Retrying task 0009cb78e00d22a7b8702dfc442d41c3cf5d2691d5a9d9d396a7c4b5fab507c4
[debug] [2019-05-10T03:29:18.725Z] [uploadQueue] Retrying task 91264e586da7610f78031a5aa9d846ccf39e8fe3d2f3ab59c8e9203078dd6736
[debug] [2019-05-10T03:29:19.010Z] [uploadQueue] Retrying task c61154968fa26e358dfce318ab5ed516997b13527faa5df77f9b2a835c6a5646
[debug] [2019-05-10T03:29:19.030Z] [uploadQueue] Retrying task 2f32778e393ce659f079a60b4c9a82f0a87dbbb613722e12fdca754454aefe54
[debug] [2019-05-10T03:29:19.034Z] [uploadQueue] Retrying task 9e68ac22e32f4a9c5e46ec03d8b0f32f271256ebd6945a384e396f24fcbac7c2
[debug] [2019-05-10T03:29:19.047Z] [uploadQueue] Retrying task 77b155b5c7e28692fdeb78d97a561844106e6c8d69794a7672874ab8520d1b08
[debug] [2019-05-10T03:29:19.100Z] [uploadQueue] Retrying task 60d2d4e5216040bf65f57c2ec95dd0ce64d05b0078d9a9ee5b7a2ce8eb051395
[debug] [2019-05-10T03:29:19.664Z] [uploadQueue] Retrying task 4464ab6699986ce46061ff3395ac794fd72774aa8e3cad0520af681fa4310559
[debug] [2019-05-10T03:29:19.815Z] [uploadQueue] Retrying task af593e8a1d0428c8e47fe55971fbc0e808864d0e402329750f2e558f585d89d1
[debug] [2019-05-10T03:29:19.901Z] [uploadQueue] Retrying task 745d62d1a9d83dd54627f0669648b7b0a8c85bb6240cadfcdab1290265c7ffa5
[debug] [2019-05-10T03:29:20.069Z] [uploadQueue] Retrying task 8d030bbcb24db58dbb1e2c97752b2cb13eff36d35d306cd4b0d538a10cbf7aed
[debug] [2019-05-10T03:29:20.133Z] [uploadQueue] Retrying task 8de73ec153a5ebea0f15c0041eefe10295458ff11d24c57ebd896c7003330cfc
[debug] [2019-05-10T03:29:20.274Z] [uploadQueue] Retrying task 4357d11cef9f5ce6963bb09969745cf706343e85a1d707f3fdcb3f57f766b77c
[debug] [2019-05-10T03:29:20.455Z] [uploadQueue] Retrying task f7db6d1d20820d1b7ad990adcaa921995f54a1a40ff1060d098130d2254f4f46
[debug] [2019-05-10T03:29:20.572Z] [uploadQueue] Retrying task e35d41f98ded2ea3fb8563aafe93ca4e75f00c4e28773527d6abce62d5c21d13
[debug] [2019-05-10T03:29:21.190Z] [uploadQueue] Retrying task 14fc6bb4886ba8a8de32c6a1a721919465d9c4b953a9e9bae408ea5bf5afe53f
[debug] [2019-05-10T03:29:21.691Z] [uploadQueue] Retrying task 5d7e0cf3c7e5a6e6413b840d7382dea6c4176d6c0941b651053f270698c49f34
[debug] [2019-05-10T03:29:21.746Z] [uploadQueue] Retrying task 38cabef6bb1a08bc3257919c54a191e427a6623d832d926558ea8b93899e860b
[debug] [2019-05-10T03:29:21.757Z] [uploadQueue] Retrying task a618783fd1e7d4a400b82b6fdb5cf5483388b9b767ab206be64e21f99a8acece
[debug] [2019-05-10T03:29:21.952Z] [uploadQueue] Retrying task e066c3c7239310c05898e569ba88b94e8735a457283f9db42bc863b903684388
[debug] [2019-05-10T03:29:22.079Z] [uploadQueue] Retrying task b87612acb32543c51e93ed8a50cbada0597af54cd23106109c1f891e096f3d05
[debug] [2019-05-10T03:29:22.514Z] [uploadQueue] Retrying task fe78244e88fafd31131fa39dca0870f57a83d3412e3c2b3cc1392837b21e5526
[debug] [2019-05-10T03:29:22.630Z] [uploadQueue] Retrying task 19c5dd3b71eef00078c34ecb6e02dbf7a014ed78cb32c91d5cd0cb2c049e0ea1
[debug] [2019-05-10T03:29:22.820Z] [uploadQueue] Retrying task 3bfe7607b5a7c9dffdfa3c5275969e558c8926867b2886100c8e315a3fd96f57
[debug] [2019-05-10T03:29:22.923Z] [uploadQueue] Retrying task 18188d584a710eda047de8b5eee288f5e12df56dfe5ee5a0c13d030c18d0ac20
[debug] [2019-05-10T03:29:23.147Z] [uploadQueue] Retrying task 401f281dbd2caf32e5f9f98e1eac095fc4e529f931224e1fdbfb531622b74de6
[debug] [2019-05-10T03:29:23.170Z] [uploadQueue] Retrying task e2f3e56051a63489fdaab94758ba8fecb74a10b8d5181745288662b434f1f68c
[debug] [2019-05-10T03:29:23.295Z] [uploadQueue] Retrying task 6b922091af6fc4ad6271e468c4386e2bbf697d9b4cafefb40ea6f4fd575ff937
[debug] [2019-05-10T03:29:23.310Z] [uploadQueue] Retrying task 972fceae67b596ed0e744ce55a676d6b9a98a41be664ad3748ba4a2ae97dc79f
[debug] [2019-05-10T03:29:23.871Z] [uploadQueue] Retrying task b42201b257b5252eee1ab804a37ac731a0af8826831fc0d5993e84dc82bf489c
[debug] [2019-05-10T03:29:24.077Z] [uploadQueue] Retrying task 7955e9f44234e00959116005a8d44333f651994d54fe87b32be6a4002da3f11f
[debug] [2019-05-10T03:29:24.119Z] [uploadQueue] Retrying task 072c18e006538df4adae86637cec5b7d9847fa1e082bd64bc7f864e96c5d5217
[debug] [2019-05-10T03:29:24.711Z] [uploadQueue] Retrying task d42b1d1ab148b8ae58ba66c4ae38f670292c57b663e109ac2d90378b4302f9cd
[debug] [2019-05-10T03:29:24.757Z] [uploadQueue] Retrying task 19b6e482a2f9df5aea5d525e61deecf76346229cf1b6e4a094ce51f991044db1
[debug] [2019-05-10T03:29:25.180Z] [uploadQueue] Retrying task e0d436f76204c3c1561ffa8e94e6abf170c4fc3b5ff0d71f469a55ad519dc32b
[debug] [2019-05-10T03:29:25.373Z] [uploadQueue] Retrying task fce3f2b8b387dd3b0fb416e936af01763b0d0bb097a134aad78e7e47bf3b5ff0
[debug] [2019-05-10T03:29:25.412Z] [uploadQueue] Retrying task 335083796b7ac12e351844e06b75242e0b5b555bbab6d97bac37ea6f2d655527
[debug] [2019-05-10T03:29:25.574Z] [uploadQueue] Retrying task 4792598ab1fcf4950047d11b82efef4e989bbd96c3ac397d2a33fec61d3540a8
[debug] [2019-05-10T03:29:25.787Z] [uploadQueue] Retrying task 77d9d51822bc84d86fceed08e567226b42afd985db4e2d900e872da7851552cb
[debug] [2019-05-10T03:29:25.864Z] [uploadQueue] Retrying task ad53475ea3e3f01bbabb1438f287a73000120fd2edcb9fb52137d5fb3302c743
[debug] [2019-05-10T03:29:26.041Z] [uploadQueue] Retrying task c3174b055d935a762e40da38f5d7431b08e50abad526e2bdfc46e443b36f3802
[debug] [2019-05-10T03:29:26.169Z] [uploadQueue] Retrying task baf1b5fb64e66d9db79815e38c64bdf5980fed84f3bf0c088a849fbb71b989bb
[debug] [2019-05-10T03:29:26.393Z] [uploadQueue] Retrying task ae0b31e239af4a284f91c3ebd547814c4322b2134d31bf3980d826a24828cb6b
[debug] [2019-05-10T03:29:26.494Z] [uploadQueue] Retrying task 3047cf1678f53fe6817cd442bacd268a38c7ce0efca5f4ce06dd0d6aef20475a
[debug] [2019-05-10T03:29:26.730Z] [uploadQueue] Retrying task 1660812d4ab8f124321e683461db3db446e4e648fb571c247c2a0efebe2fe366
[debug] [2019-05-10T03:29:26.859Z] [uploadQueue] Retrying task 125b0d5de11de59e1c95fb1cdabaf996942c01c9ffac6c385a5e73bee3fe811e
[debug] [2019-05-10T03:29:26.869Z] [uploadQueue] Retrying task 822435ffdc05c9f358fbfc9ab3e011c403f4dc160b17cff601d73f03926af1a5
[debug] [2019-05-10T03:29:27.000Z] [uploadQueue] Retrying task 5ed4e6495d4ef785aedec60a4b710d363e306eca20199cccd93610a29013bb60
[debug] [2019-05-10T03:29:27.053Z] [uploadQueue] Retrying task e9638a5987120e8cb80818ae7b5c5c330b59f5edfac6a0916129338303193854
[debug] [2019-05-10T03:29:27.208Z] [uploadQueue] Retrying task 7656cc9a54fd23cfe60b819c0353f65042c8a9b69b537b19bd7a2599e5eab469
[debug] [2019-05-10T03:29:27.246Z] [uploadQueue] Retrying task 17523d02169ac73d938cdf75e6900bc333e6714e098096f25997543e581aa20f
[debug] [2019-05-10T03:29:27.339Z] [uploadQueue] Retrying task f77ba0224aef3e2703ddf5eb9a9bfc3a01764dbc2ef1838f40e128504d901169
[debug] [2019-05-10T03:29:27.368Z] [uploadQueue] Retrying task 6e1be9add95fe68f1080c9dc78122e981b953c012bac551235ba33c01de346cc
[debug] [2019-05-10T03:29:27.507Z] [uploadQueue] Retrying task 2e8a578c8958fe15611b822be3c494c72052e643f7cd85a87e479b462a14917b
[debug] [2019-05-10T03:29:27.646Z] [uploadQueue] Retrying task 688ea7423d112bd2748f6146aa69640c7785f6117a7156a6b38b33d7e16d946f
[debug] [2019-05-10T03:29:27.750Z] [uploadQueue] Retrying task 26b7d08aac15bcb666be3ffd157bc8df5218a512f42a5814fee39403a7098974
[debug] [2019-05-10T03:29:27.827Z] [uploadQueue] Retrying task 8d1b75ab4dbd2593f65e77a45125babcdb720d5130e469f188c858b1abbf56bc
[debug] [2019-05-10T03:29:28.007Z] [uploadQueue] Retrying task 3c262bf01a784190aa06543d6ecde1b90a963ae9c804e9e21716c277f5cff9fa
[debug] [2019-05-10T03:29:28.069Z] [uploadQueue] Retrying task cbee95381e0a4c68ca6ab756d440cfbc6d9277242d6082071e779facbdb2336d
[debug] [2019-05-10T03:29:28.115Z] [uploadQueue] Retrying task 075cc8b2430c26bcc2e6db1847f2364fa74427b74d1a635fc747f469d2e3f7ac
[debug] [2019-05-10T03:29:28.250Z] [uploadQueue] Retrying task 42539417bcb33f6fca43bf3e63ec7aeeac6e9ae4d0244bbcbd7ae66e19fe24a2
[debug] [2019-05-10T03:29:28.494Z] [uploadQueue] Retrying task 2495b4513ac1d078f9e25b5f8bc2df120af5d9e1cccd45eeeb64b590a63be7c5
[debug] [2019-05-10T03:29:28.633Z] [uploadQueue] Retrying task f58a608d7eecd2cd6a157f986211aaf8a2010f4beadcd26f264a6ab3a3a0e282
[debug] [2019-05-10T03:29:28.829Z] [uploadQueue] Retrying task bd8350595246c8d8712ab50b658ce1cf1fc7ef266617d5214647a743c00b5e13
[debug] [2019-05-10T03:29:29.252Z] [uploadQueue] Retrying task 151a0322d4136bf31b5f348dbb9cffd5f077d49b8082efbd1208a1b304679476
[debug] [2019-05-10T03:29:29.369Z] [uploadQueue] Retrying task 380e42bcb1bc45ba5a18d6dbf6095e1e311afc305170b3a78fe057d9f0e90640
[debug] [2019-05-10T03:29:29.744Z] [uploadQueue] Retrying task dff82dec14127bf2d4e3db96e8ed5affb516e8b237e7b3367cabbc7c3bbe3706
[debug] [2019-05-10T03:29:29.753Z] [uploadQueue] Retrying task 8b25cc3a27179b01ff4b4848d55e0b70e1754b1d74878e082995d90f4f1d6959
[debug] [2019-05-10T03:29:29.754Z] [uploadQueue] Retrying task dec611a7269245bd551929713214201d1fdd46e85422b28291134804c968e85e
[debug] [2019-05-10T03:29:29.842Z] [uploadQueue] Retrying task a437adec6c49f58ace9b01cbc939570754efd697db310e9d36d1eb2f22389dc0
[debug] [2019-05-10T03:29:29.972Z] [uploadQueue] Retrying task 4712ef3f6e4ee229e8ad1189bfd4a1dc137fe74734c70b5e0498003aefabc7bd
[debug] [2019-05-10T03:29:29.978Z] [uploadQueue] Retrying task 7e9a889c13264c6927013fb007c24d62fa37166f53e00b91cc36e238b26eb9dd
[debug] [2019-05-10T03:29:30.050Z] [uploadQueue] Retrying task dfe8c392149ace351180752c1abcf6bd5a8044e5ea359b202d6ec1ed4466f02c
[debug] [2019-05-10T03:29:30.936Z] [uploadQueue] Retrying task ce1de550bd9620f648f2153417f907e510ea538bb179354135e3fca2f8583ef1
[debug] [2019-05-10T03:29:31.147Z] [uploadQueue] Retrying task a687e7161d29b40814264913cb52abeb9ceae98b59351793c185128f570a3b6a
[debug] [2019-05-10T03:29:31.165Z] [uploadQueue] Retrying task 1df67cd76900bb90b7fe9126407c81c56578c317a96cbe836c6546b0c35a420e
[debug] [2019-05-10T03:29:31.171Z] [uploadQueue] Retrying task 125d72b59801ce6b6ce81cbfcca2578207fea3822dd414266e0578e1d85fff60
[debug] [2019-05-10T03:29:31.251Z] [uploadQueue] Retrying task 8bc123a7838a7fc8dd089ef1fd3a27d5b0dcfaf5edead3a6555acb30fc62e082
[debug] [2019-05-10T03:29:31.374Z] [uploadQueue] Retrying task 0009cb78e00d22a7b8702dfc442d41c3cf5d2691d5a9d9d396a7c4b5fab507c4
[debug] [2019-05-10T03:29:31.547Z] [uploadQueue] Retrying task 51fbd9ff9e21848d3d73ccf57717f516f02d8271af092ea4354795d97b16e78e
[debug] [2019-05-10T03:29:31.865Z] [uploadQueue] Retrying task 6c2d438a19738a3b2b46fbe1f60889488c65b6f3a13b8a495603e1a3053af2aa
[debug] [2019-05-10T03:29:32.051Z] [uploadQueue] Retrying task 8d030bbcb24db58dbb1e2c97752b2cb13eff36d35d306cd4b0d538a10cbf7aed
[debug] [2019-05-10T03:29:32.110Z] [uploadQueue] Retrying task 2fbc5838e48acebe4702a1db0518cd2f7888362ed6ca12350684f6344532bf59
[debug] [2019-05-10T03:29:32.316Z] [uploadQueue] Retrying task 4357d11cef9f5ce6963bb09969745cf706343e85a1d707f3fdcb3f57f766b77c
[debug] [2019-05-10T03:29:32.702Z] [uploadQueue] Retrying task 432106b378bd08f73373b74ffa079b6e49ae450371ca83b98a463df9452bd136
[debug] [2019-05-10T03:29:32.793Z] [uploadQueue] Retrying task 69b93ce23dacb0aeba1590f3b8a82695f845c1f0471cca463dba832c0472e694
[debug] [2019-05-10T03:29:32.866Z] [uploadQueue] Retrying task d16f874c640754e0bd0253c52c2d00fae1dec1b44ce524b02ee7e2c44c6cd05a
[debug] [2019-05-10T03:29:32.956Z] [uploadQueue] Retrying task 94162742751e424550b05cf94369db41acf31877c2cb22601f7762cd9e233142
[debug] [2019-05-10T03:29:32.976Z] [uploadQueue] Retrying task c5884d3bc6812776998e53733c10183da3947f886c89ef5b611ebfaae4eab404
[debug] [2019-05-10T03:29:33.060Z] [uploadQueue] Retrying task fb363154a986102548c11dec1e5203fa3a7e0dc3cfc0d1efc1456c7ac67c0cbb
[debug] [2019-05-10T03:29:33.155Z] [uploadQueue] Retrying task 60d2d4e5216040bf65f57c2ec95dd0ce64d05b0078d9a9ee5b7a2ce8eb051395
[debug] [2019-05-10T03:29:33.388Z] [uploadQueue] Retrying task 0eb49c639498d1a3ff9abd624ceefb0c6e632e02d28abf5fad7ed7629699bf13
[debug] [2019-05-10T03:29:33.574Z] [uploadQueue] Retrying task 4cf4433c96a15b283d755ff1510515ee5882121dc0730fac70997143ce255761
[debug] [2019-05-10T03:29:33.629Z] [uploadQueue] Retrying task d8435ce2c84df26f0d2e9753176c67b5dbf29d93d80535208cf1ca71e0e545d8
[debug] [2019-05-10T03:29:33.733Z] [uploadQueue] Retrying task 2208d7e12b8c33f21d792913fc3ed6e6c4ab8c6cbf641db9d571e058e60a2312
[debug] [2019-05-10T03:29:33.760Z] [uploadQueue] Retrying task 9f6648097bb11b4faead36a776f6462a3e0c79af16d85155eaf4c45917f9c9fa
[debug] [2019-05-10T03:29:33.890Z] [uploadQueue] Retrying task ed1ba2f753a5adb99b692fbd654f378b276af0f0362d98b6a25fa2ad17c39d28
[debug] [2019-05-10T03:29:34.195Z] [uploadQueue] Retrying task e35d41f98ded2ea3fb8563aafe93ca4e75f00c4e28773527d6abce62d5c21d13
[debug] [2019-05-10T03:29:34.203Z] [uploadQueue] Retrying task cd8d2abf208c668d656959b5011e2915b0b10fc88ee6cda9771f5893070e9973
[debug] [2019-05-10T03:29:34.320Z] [uploadQueue] Retrying task e3fcba89a509d1b57eed4430124f93f7abf388130226061281b7ce009426dab0
[debug] [2019-05-10T03:29:34.564Z] [uploadQueue] Retrying task a9ce173a194b21d8cd06c45a67f47bcc74ef1b503b10ece3f69acab1be6d4d77
[debug] [2019-05-10T03:29:34.611Z] [uploadQueue] Retrying task 97853945a2eec8ac2f09c00fdbd063195da2c6211f51f2cc7c4c86f28623e7c8
[debug] [2019-05-10T03:29:35.454Z] [uploadQueue] Retrying task 63d79e4eb563b11aa592a623985564a685712678ecfb4f88331b89fa1d485cbf
[debug] [2019-05-10T03:29:35.466Z] [uploadQueue] Retrying task de280a52d7d31be9e28b48e809a735e2eb6611b1f76cd9fbef7e598d00c52cda
[debug] [2019-05-10T03:29:35.478Z] [uploadQueue] Retrying task b87612acb32543c51e93ed8a50cbada0597af54cd23106109c1f891e096f3d05
[debug] [2019-05-10T03:29:35.532Z] [uploadQueue] Retrying task f1cedd570a6fee315ea4f3ff649002213292669594115e62c97f0df3dc29180b
[debug] [2019-05-10T03:29:35.887Z] [uploadQueue] Retrying task 5e3e694d04e219879ac095bf20b3dd39af3b485bdf82323923af24c6a8f99bbe
[debug] [2019-05-10T03:29:36.077Z] [uploadQueue] Retrying task f8cd1dcfa9f1c423e1252e7e182c51347e62298b4fceaa8a5f9d3d02a3190c9e
[debug] [2019-05-10T03:29:36.304Z] [uploadQueue] Retrying task b93228bca0042050d0cec17472f90ac90aa27107671a19d2ebab2124e1ecc8bf
[debug] [2019-05-10T03:29:36.397Z] [uploadQueue] Retrying task 38cabef6bb1a08bc3257919c54a191e427a6623d832d926558ea8b93899e860b
[debug] [2019-05-10T03:29:36.416Z] [uploadQueue] Retrying task 406e6484245248c90b2a06c475b0a3e931bd98d503f70bec27dff4978032d558
[debug] [2019-05-10T03:29:36.915Z] [uploadQueue] Retrying task 089cdd75cceb19d865a67a4a818854a684aa7e19981ea35000b0a4481acba445
[debug] [2019-05-10T03:29:37.072Z] [uploadQueue] Retrying task 75fb94ca4fda0646b22be27da3330cfcaaac271af6ee274c12f3502a79aba4c6
[debug] [2019-05-10T03:29:37.242Z] [uploadQueue] Retrying task 27e00d56e1b153542124e9c8c0ec62351b5e756e4303b441040d0ff263ae7d94
[debug] [2019-05-10T03:29:37.583Z] [uploadQueue] Retrying task dc17a5e12f0ac54b593f734bd2382d5654a1456291273b551de44fae6f1a54f4
[debug] [2019-05-10T03:29:38.544Z] [uploadQueue] Retrying task 77d9d51822bc84d86fceed08e567226b42afd985db4e2d900e872da7851552cb
[debug] [2019-05-10T03:29:38.655Z] [uploadQueue] Retrying task f24f9218c83bd583fda54fcc38285deb85e26b213dda5fcd3908dc770b99f29d
[debug] [2019-05-10T03:29:38.931Z] [uploadQueue] Retrying task 92f23b692a4f9e200a987f6d7a1cac92a3c7b3932d752c0c20e755a1d36abc96
[debug] [2019-05-10T03:29:39.222Z] [uploadQueue] Retrying task 072c18e006538df4adae86637cec5b7d9847fa1e082bd64bc7f864e96c5d5217
[debug] [2019-05-10T03:29:39.295Z] [uploadQueue] Retrying task 3e24d527a41634434ccd1997c0597be59186c5f9064b715793cba0d8a0e917e3
[debug] [2019-05-10T03:29:39.553Z] [uploadQueue] Retrying task 125b0d5de11de59e1c95fb1cdabaf996942c01c9ffac6c385a5e73bee3fe811e
[debug] [2019-05-10T03:29:40.035Z] [uploadQueue] Retrying task 5ed4e6495d4ef785aedec60a4b710d363e306eca20199cccd93610a29013bb60
[debug] [2019-05-10T03:29:40.895Z] [uploadQueue] Retrying task a488bb768e385afb610276763269f96862518eb3aa40bcd58499bcf163d32216
[debug] [2019-05-10T03:29:40.932Z] [uploadQueue] Retrying task 73854d983e6a5eaa6b0250fe2b1f4f637b183996c1f0b9e45b4b59a71bb622fb
[debug] [2019-05-10T03:29:40.933Z] [uploadQueue] Retrying task c258ea5c8fcb4c94499bce19f32ee894e2aac89b163030c68b8dd99086d9b96b
[debug] [2019-05-10T03:29:41.186Z] [uploadQueue] Retrying task 692be06f8e9afac7ee8f448aa393de01efb8ed09b327385365511c1629146919
[debug] [2019-05-10T03:29:41.663Z] [uploadQueue] Retrying task 4712ef3f6e4ee229e8ad1189bfd4a1dc137fe74734c70b5e0498003aefabc7bd
[debug] [2019-05-10T03:29:41.770Z] [uploadQueue] Retrying task dff82dec14127bf2d4e3db96e8ed5affb516e8b237e7b3367cabbc7c3bbe3706
[debug] [2019-05-10T03:29:41.933Z] [uploadQueue] Retrying task 0d0327811e022bb78c971f5a63313a07f8e20ff87f16ec320929ab2e944aca6f
[debug] [2019-05-10T03:29:42.382Z] [uploadQueue] Retrying task ac7921433633dae515cc0f2c585c4a397a3c2c2925eccfba6875f0b5ee0af90b
[debug] [2019-05-10T03:29:42.493Z] [uploadQueue] Retrying task a437adec6c49f58ace9b01cbc939570754efd697db310e9d36d1eb2f22389dc0
[debug] [2019-05-10T03:29:42.669Z] [uploadQueue] Retrying task 19b6e482a2f9df5aea5d525e61deecf76346229cf1b6e4a094ce51f991044db1
[debug] [2019-05-10T03:29:42.732Z] [uploadQueue] Retrying task 4b0c671291afc0d1fbd5190409fe5a399c3d04b1dc490ec2c82c4b82d233d45f
[debug] [2019-05-10T03:29:42.841Z] [uploadQueue] Retrying task ce1de550bd9620f648f2153417f907e510ea538bb179354135e3fca2f8583ef1
[debug] [2019-05-10T03:29:42.964Z] [uploadQueue] Retrying task e49b311921dcd29201c3b1e74656c703215a389e419cabf3b57107792d0e7d6c
[debug] [2019-05-10T03:29:43.232Z] [uploadQueue] Retrying task 9703f1d0778b82677650620ea67e1e09eb7e628b6e7cee6c1f9f5d974b7a78a7
[debug] [2019-05-10T03:29:43.256Z] [uploadQueue] Retrying task 0da70e810fe452eb137631385a179a7f6623951ff1acb12ee5b1bf822b0bb8df
[debug] [2019-05-10T03:29:43.668Z] [uploadQueue] Retrying task 637bb776de1d530275082a95f9eb3645248e9cac147da588083140aae6fd3a65
[debug] [2019-05-10T03:29:43.766Z] [uploadQueue] Retrying task 7d36752ac0d068cb2e7e4f064c0393e6408697e4113ebe97f2c7566d92e319b6
[debug] [2019-05-10T03:29:43.855Z] [uploadQueue] Retrying task 151a0322d4136bf31b5f348dbb9cffd5f077d49b8082efbd1208a1b304679476
[debug] [2019-05-10T03:29:44.344Z] [uploadQueue] Retrying task bd8350595246c8d8712ab50b658ce1cf1fc7ef266617d5214647a743c00b5e13
[debug] [2019-05-10T03:29:44.530Z] [uploadQueue] Retrying task 7ea4741890bb2197b2b2afb911a4ce4300533510d8419af68cfdb6acd3bcae14
[debug] [2019-05-10T03:29:44.594Z] [uploadQueue] Retrying task 807d52e55178e9dad8f0055a6829e4bc5dc7697333b01dc1259a6ab9425fa8d6
[debug] [2019-05-10T03:29:44.940Z] [uploadQueue] Retrying task b222abd238b20c52db4951542a7f9bad9378c8f487128f06ce7227552f318204
[debug] [2019-05-10T03:29:44.954Z] [uploadQueue] Retrying task 125d72b59801ce6b6ce81cbfcca2578207fea3822dd414266e0578e1d85fff60
[debug] [2019-05-10T03:29:44.997Z] [uploadQueue] Retrying task b1ac77055833f3c99c515c175d0d47032dbb746abdfdaf32dd5031f9a0690769
[debug] [2019-05-10T03:29:45.251Z] [uploadQueue] Retrying task 0ad5d286a415d150d577c3dff414455e80723394a82b483acce5a0e101dd84b9
[debug] [2019-05-10T03:29:45.327Z] [uploadQueue] Retrying task 4792598ab1fcf4950047d11b82efef4e989bbd96c3ac397d2a33fec61d3540a8
[debug] [2019-05-10T03:29:45.347Z] [uploadQueue] Retrying task e6405ff2ce3b7fb3b1e7409f2ad7d7dc5013462aa2a4b6a8bb72af01c1ca1735
[debug] [2019-05-10T03:29:45.349Z] [uploadQueue] Retrying task aaf80f34b9a089d75fd14d017e1d9f4e5dbc6fe1c9620b38822bae7c2f8ce427
[debug] [2019-05-10T03:29:45.477Z] [uploadQueue] Retrying task 9f6648097bb11b4faead36a776f6462a3e0c79af16d85155eaf4c45917f9c9fa
[debug] [2019-05-10T03:29:45.516Z] [uploadQueue] Retrying task f53227e051c0c56df2bff2460a2d7621b7aa688448e7e81ec457b9b43854cff2
[debug] [2019-05-10T03:29:45.657Z] [uploadQueue] Retrying task 7e4de2377aa19b09af4c6e03d01ba9082fab5c72242bbac543fb01aa21cbaf16
[debug] [2019-05-10T03:29:45.670Z] [uploadQueue] Retrying task d6d202ec99acea3c5457f8601b240abc50ab1f0965ed22dc9769329ebd876540
[debug] [2019-05-10T03:29:45.797Z] [uploadQueue] Retrying task 1280b73cdac146381d49f898aaec82dfee873769806705a4dad47e01b7b24eb7
[debug] [2019-05-10T03:29:45.816Z] [uploadQueue] Retrying task 9c0ee116df548c7bc8da7b9bc166686f6c591be8bb91d86a48fda0b023f733e9
[debug] [2019-05-10T03:29:45.904Z] [uploadQueue] Retrying task 6cb7e21ce4ee1b98f23bd26ea830785f4ed38633cf20d564d965ce1b8591a7cf
[debug] [2019-05-10T03:29:45.951Z] [uploadQueue] Retrying task ad8ec2e7fae5b55bddce62efc9c4af0d9d4bb104cd76fbb36926b9aff58420b9
[debug] [2019-05-10T03:29:46.034Z] [uploadQueue] Retrying task acc5386a467c6824ad0bd66629501d59de45126883f7964524d8ab214490ba54
[debug] [2019-05-10T03:29:46.048Z] [uploadQueue] Retrying task 153740cc2f0e981f3d3edf736625a35271e0a98261c583bca1b08f215bc4eaef
[debug] [2019-05-10T03:29:46.147Z] [uploadQueue] Retrying task a687e7161d29b40814264913cb52abeb9ceae98b59351793c185128f570a3b6a
[debug] [2019-05-10T03:29:46.259Z] [uploadQueue] Retrying task 819fd99af22f0257bee1f82433cc4d428fa7e6851f4777fb9593f739ac378344
[debug] [2019-05-10T03:29:46.291Z] [uploadQueue] Retrying task 96ccf88365bc17aa9861471b4c969e22ab9382b25b7a92a78f0c3a237150675a
[debug] [2019-05-10T03:29:46.559Z] [uploadQueue] Retrying task eea021166b791d02a154b1e9958bb48b0bfaaaeb3256cc223e9c544e33646680
[debug] [2019-05-10T03:29:46.747Z] [uploadQueue] Retrying task ff418b4d776cb09192702448cd99dadf1f64a57d414be17724c325233f9253f0
[debug] [2019-05-10T03:29:46.758Z] [uploadQueue] Retrying task 6c2d438a19738a3b2b46fbe1f60889488c65b6f3a13b8a495603e1a3053af2aa
[debug] [2019-05-10T03:29:46.891Z] [uploadQueue] Retrying task eca5bce6b3682c717b67d940a9c135a39e4fd4bab7431c07f51b7e345d042a8f
[debug] [2019-05-10T03:29:47.878Z] [uploadQueue] Retrying task 780e58b25d7b80545aae67f5505af3bf8e544a885e44332a73cf94a7433d0947
[debug] [2019-05-10T03:29:47.988Z] [uploadQueue] Retrying task 6d0a412cefd9e3b89a812938d1b952aa0dde94bc6f6040cb091ddf5c25c7585d
[debug] [2019-05-10T03:29:48.076Z] [uploadQueue] Retrying task c5884d3bc6812776998e53733c10183da3947f886c89ef5b611ebfaae4eab404
[debug] [2019-05-10T03:29:48.130Z] [uploadQueue] Retrying task e893a31237edeac0951e41cb87d61d250d905d8aa94a8a70605dbc09c9841264
[debug] [2019-05-10T03:29:48.163Z] [uploadQueue] Retrying task 03692f3a28f824f7261d6d383667745cfb4d3180976970d14c51eae10f6de475
[debug] [2019-05-10T03:29:48.216Z] [uploadQueue] Retrying task 267a274479aafb505b4bb253b3e987313a6f44660f27bfd89396a70d0d445aee
[debug] [2019-05-10T03:29:48.331Z] [uploadQueue] Retrying task d5da7bed098294168dcbe7f8d428a1aa387bba951d197353eced80bf64a3cf63
[debug] [2019-05-10T03:29:48.720Z] [uploadQueue] Retrying task a3318f66f10432371be82ae29b22a3dce1b16a7057dff01174df0afee2b2f2ec
[debug] [2019-05-10T03:29:48.968Z] [uploadQueue] Retrying task 7656cc9a54fd23cfe60b819c0353f65042c8a9b69b537b19bd7a2599e5eab469
[debug] [2019-05-10T03:29:49.182Z] [uploadQueue] Retrying task 6e1be9add95fe68f1080c9dc78122e981b953c012bac551235ba33c01de346cc
[debug] [2019-05-10T03:29:49.562Z] [uploadQueue] Retrying task dec611a7269245bd551929713214201d1fdd46e85422b28291134804c968e85e
[debug] [2019-05-10T03:29:49.791Z] [uploadQueue] Retrying task f2ea08e706f4384a1cb4bfec2fb083583722382e2228bf4fc6bd14cc808c0e7a
[debug] [2019-05-10T03:29:49.870Z] [uploadQueue] Retrying task 40bcfbb892852e9eb50e56d7aaac1758a5652ae25a969adaa6cb50c8f43489f5
[debug] [2019-05-10T03:29:50.137Z] [uploadQueue] Retrying task 64b62a44c2e632c47a9d59507681de9489286a2e14110e25bbefc11f73941de7
[debug] [2019-05-10T03:29:50.368Z] [uploadQueue] Retrying task 2cbd8f78ddfdc2347e09a23867d30bbf0257cf3792f09ed54b4b0dd1b4f6b683
[debug] [2019-05-10T03:29:50.391Z] [uploadQueue] Retrying task f8cd1dcfa9f1c423e1252e7e182c51347e62298b4fceaa8a5f9d3d02a3190c9e
[debug] [2019-05-10T03:29:50.447Z] [uploadQueue] Retrying task db68294874393deb3020547cea626fe3de44f17d277fea13f692fc66df7dd87c
[debug] [2019-05-10T03:29:50.515Z] [uploadQueue] Retrying task 60d2d4e5216040bf65f57c2ec95dd0ce64d05b0078d9a9ee5b7a2ce8eb051395
[debug] [2019-05-10T03:29:50.532Z] [uploadQueue] Retrying task f2c707950c59a9e9348726a4a8466bab0e4a38782e18769b1bc480042cfcf3b4
[debug] [2019-05-10T03:29:50.550Z] [uploadQueue] Retrying task ea1f5955ad3e5490c8e171d5105735c0cdc0c14ce9351819bc97700a6253e39b
[debug] [2019-05-10T03:29:50.578Z] [uploadQueue] Retrying task a259f593a6a96c9ae3b572a5994c056f3f52d5d9663cfed50df31c5ab541f243
[debug] [2019-05-10T03:29:50.591Z] [uploadQueue] Retrying task b1665f72a5f42e0c1e17fdf2f78623db6271e6d112dbb5674a99401acb045c8a
[debug] [2019-05-10T03:29:50.640Z] [uploadQueue] Retrying task c61154968fa26e358dfce318ab5ed516997b13527faa5df77f9b2a835c6a5646
[debug] [2019-05-10T03:29:50.712Z] [uploadQueue] Retrying task 5081380a7594331618031fedcf714f5f1effbef3266358165001404b8948583a
[debug] [2019-05-10T03:29:50.736Z] [uploadQueue] Retrying task 4ad75219512104c07c5e013a14660ad13b6cf82a7a57d54529fe7a84ee7f879e
[debug] [2019-05-10T03:29:50.754Z] [uploadQueue] Retrying task dbe74579af0927de426a354f96e4bf275a6d1c7663aa7430315a708ed5e6fdc4
[debug] [2019-05-10T03:29:50.950Z] [uploadQueue] Retrying task e31ab2b1a9e53cdba305ab75eb48fac7b9fe13343e1fa1d33eb47f2ec6df53f8
[debug] [2019-05-10T03:29:51.079Z] [uploadQueue] Retrying task 1df67cd76900bb90b7fe9126407c81c56578c317a96cbe836c6546b0c35a420e
[debug] [2019-05-10T03:29:51.099Z] [uploadQueue] Retrying task 02421082b1b04275dbb19633d972740ef68df19e618ab8e84502e47aff9514cc
[debug] [2019-05-10T03:29:51.318Z] [uploadQueue] Retrying task 03b5d1c9ca43839d5508e126397887bb8fc4b93cec026a273847781c765df06a
[debug] [2019-05-10T03:29:51.431Z] [uploadQueue] Retrying task af593e8a1d0428c8e47fe55971fbc0e808864d0e402329750f2e558f585d89d1
[debug] [2019-05-10T03:29:52.035Z] [uploadQueue] Retrying task 6bcc09ba5973f70a0c4a9e19ed3e71f9f905e174127d3a43f01216c4bd79ca8e
[debug] [2019-05-10T03:29:52.347Z] [uploadQueue] Retrying task 1f3e20241021ed32a833e7c8c432a13e1c8c69bbbf243d6128adefd4e1a01a61
[debug] [2019-05-10T03:29:52.404Z] [uploadQueue] Retrying task 5b089a52ecd262f82b9febcfbe69796ebfc6d0c19fdb4fe10a240dd1e7b65ba1
[debug] [2019-05-10T03:29:52.454Z] [uploadQueue] Retrying task b78d7ea3130e1f9f6f9f2f3bb8e749677472a4967a5494ab288d2a5601bcbe92
[debug] [2019-05-10T03:29:52.505Z] [uploadQueue] Retrying task 5d7e0cf3c7e5a6e6413b840d7382dea6c4176d6c0941b651053f270698c49f34
[debug] [2019-05-10T03:29:52.597Z] [uploadQueue] Retrying task 6b88a9610512c20471e14bbd0104d83a653cbfa5665eccba448b05f7ea4dae03
[debug] [2019-05-10T03:29:53.206Z] [uploadQueue] Retrying task 745d62d1a9d83dd54627f0669648b7b0a8c85bb6240cadfcdab1290265c7ffa5
[debug] [2019-05-10T03:29:53.255Z] [uploadQueue] Retrying task 2226027efc4eb9390890f9d5014447acbe23e5c38fe41ee8f042933eac857b38
[debug] [2019-05-10T03:29:53.270Z] [uploadQueue] Retrying task 536e7e092eb4d2902ac56b30eee42993b0522e294ba7e28756f54eb078fba3ff
[debug] [2019-05-10T03:29:53.402Z] [uploadQueue] Retrying task 6dcc0df40fc9e51d5646f831ff32546d6e7b3e104aabb398d225a3eadb29e698
[debug] [2019-05-10T03:29:53.578Z] [uploadQueue] Retrying task 335083796b7ac12e351844e06b75242e0b5b555bbab6d97bac37ea6f2d655527
[debug] [2019-05-10T03:29:53.649Z] [uploadQueue] Retrying task e68b8cfd154fa395c02f923c65a6d4111089208e2fac6b200a3f35d2b9b53d04
[debug] [2019-05-10T03:29:53.668Z] [uploadQueue] Retrying task e066c3c7239310c05898e569ba88b94e8735a457283f9db42bc863b903684388
[debug] [2019-05-10T03:29:53.863Z] [uploadQueue] Retrying task 91264e586da7610f78031a5aa9d846ccf39e8fe3d2f3ab59c8e9203078dd6736
[debug] [2019-05-10T03:29:53.919Z] [uploadQueue] Retrying task ffa405d2f43e93a4d9f2c0036b76c7f05987ef3aa02975bef342a27c032122d5
[debug] [2019-05-10T03:29:53.959Z] [uploadQueue] Retrying task e21873398410423caf3258a625005c66930bdb200d9b6912d65905f4acf2714c
[debug] [2019-05-10T03:29:54.349Z] [uploadQueue] Retrying task 4464ab6699986ce46061ff3395ac794fd72774aa8e3cad0520af681fa4310559
[debug] [2019-05-10T03:29:54.362Z] [uploadQueue] Retrying task de280a52d7d31be9e28b48e809a735e2eb6611b1f76cd9fbef7e598d00c52cda
[debug] [2019-05-10T03:29:54.371Z] [uploadQueue] Retrying task 1660812d4ab8f124321e683461db3db446e4e648fb571c247c2a0efebe2fe366
[debug] [2019-05-10T03:29:54.676Z] [uploadQueue] Retrying task 072c18e006538df4adae86637cec5b7d9847fa1e082bd64bc7f864e96c5d5217
[debug] [2019-05-10T03:29:54.783Z] [uploadQueue] Retrying task e2f3e56051a63489fdaab94758ba8fecb74a10b8d5181745288662b434f1f68c
[debug] [2019-05-10T03:29:54.863Z] [uploadQueue] Retrying task 6ef68274ebed0d7be54777762e24364c1b95e9fd5c1e39bd5ca09fd5a20d1052
[debug] [2019-05-10T03:29:55.006Z] [uploadQueue] Retrying task a488bb768e385afb610276763269f96862518eb3aa40bcd58499bcf163d32216
[debug] [2019-05-10T03:29:55.077Z] [uploadQueue] Retrying task f7db6d1d20820d1b7ad990adcaa921995f54a1a40ff1060d098130d2254f4f46
[debug] [2019-05-10T03:29:55.809Z] [uploadQueue] Retrying task 6b922091af6fc4ad6271e468c4386e2bbf697d9b4cafefb40ea6f4fd575ff937
[debug] [2019-05-10T03:29:56.058Z] [uploadQueue] Retrying task 55711eafe6407739ee5255b48711ae4f0e50049b67cda9c063f8084b9db3ced8
[debug] [2019-05-10T03:29:56.076Z] [uploadQueue] Retrying task e32aaaef34eab5219858a7dba223ff6a0e571789f3c2318612343160db328e5e
[debug] [2019-05-10T03:29:56.108Z] [uploadQueue] Retrying task 14fc6bb4886ba8a8de32c6a1a721919465d9c4b953a9e9bae408ea5bf5afe53f
[debug] [2019-05-10T03:29:56.604Z] [uploadQueue] Retrying task b42201b257b5252eee1ab804a37ac731a0af8826831fc0d5993e84dc82bf489c
[debug] [2019-05-10T03:29:56.853Z] [uploadQueue] Retrying task 67b1ae78b89c77cf496d912ab371787b036466b6fae9747ab799cebec262422e
[debug] [2019-05-10T03:29:56.919Z] [uploadQueue] Retrying task 18188d584a710eda047de8b5eee288f5e12df56dfe5ee5a0c13d030c18d0ac20
[debug] [2019-05-10T03:29:57.143Z] [uploadQueue] Retrying task fce3f2b8b387dd3b0fb416e936af01763b0d0bb097a134aad78e7e47bf3b5ff0
[debug] [2019-05-10T03:29:57.199Z] [uploadQueue] Retrying task e0d436f76204c3c1561ffa8e94e6abf170c4fc3b5ff0d71f469a55ad519dc32b
[debug] [2019-05-10T03:29:57.779Z] [uploadQueue] Retrying task baf1b5fb64e66d9db79815e38c64bdf5980fed84f3bf0c088a849fbb71b989bb
[debug] [2019-05-10T03:29:58.142Z] [uploadQueue] Retrying task 7e4de2377aa19b09af4c6e03d01ba9082fab5c72242bbac543fb01aa21cbaf16
[debug] [2019-05-10T03:29:58.550Z] [uploadQueue] Retrying task 8c32ce2b5913e053796e39d2f4a0eb7e936f1b81edeb88f79e119d01c2668393
[debug] [2019-05-10T03:29:58.566Z] [uploadQueue] Retrying task 837a59780f9cf4c1a779dd997e5e7a8b317c17594701e996582d9fb7cb266c9e
[debug] [2019-05-10T03:29:58.567Z] [uploadQueue] Retrying task 51fbd9ff9e21848d3d73ccf57717f516f02d8271af092ea4354795d97b16e78e
[debug] [2019-05-10T03:29:58.670Z] [uploadQueue] Retrying task b0427c24ac37ffd83648e7e6a6d9a7f3c5dcf892d10ce2605a34c8c2967fd7c8
[debug] [2019-05-10T03:29:58.685Z] [uploadQueue] Retrying task ad53475ea3e3f01bbabb1438f287a73000120fd2edcb9fb52137d5fb3302c743
[debug] [2019-05-10T03:29:58.742Z] [uploadQueue] Retrying task 401f281dbd2caf32e5f9f98e1eac095fc4e529f931224e1fdbfb531622b74de6
[debug] [2019-05-10T03:29:58.750Z] [uploadQueue] Retrying task eea021166b791d02a154b1e9958bb48b0bfaaaeb3256cc223e9c544e33646680
[debug] [2019-05-10T03:29:58.928Z] [uploadQueue] Retrying task 96ccf88365bc17aa9861471b4c969e22ab9382b25b7a92a78f0c3a237150675a
[debug] [2019-05-10T03:29:58.961Z] [uploadQueue] Retrying task f53227e051c0c56df2bff2460a2d7621b7aa688448e7e81ec457b9b43854cff2
[debug] [2019-05-10T03:29:59.323Z] [uploadQueue] Retrying task 2f32778e393ce659f079a60b4c9a82f0a87dbbb613722e12fdca754454aefe54
[debug] [2019-05-10T03:29:59.612Z] [uploadQueue] Retrying task 9c0ee116df548c7bc8da7b9bc166686f6c591be8bb91d86a48fda0b023f733e9
[debug] [2019-05-10T03:29:59.753Z] [uploadQueue] Retrying task 77ee9b06f826ebf9985c04ffe18e1d1920372f0be10dd68ded4303b834e738e2
[debug] [2019-05-10T03:29:59.754Z] [uploadQueue] Retrying task 15486481f4ad9f076108ab63b6be5d0a1c0f2b2842d11d2d6d96292358535115
[debug] [2019-05-10T03:30:00.112Z] [uploadQueue] Retrying task 19b6e482a2f9df5aea5d525e61deecf76346229cf1b6e4a094ce51f991044db1
[debug] [2019-05-10T03:30:00.530Z] [uploadQueue] Retrying task 6cb7e21ce4ee1b98f23bd26ea830785f4ed38633cf20d564d965ce1b8591a7cf
[debug] [2019-05-10T03:30:00.687Z] [uploadQueue] Retrying task c3174b055d935a762e40da38f5d7431b08e50abad526e2bdfc46e443b36f3802
[debug] [2019-05-10T03:30:00.817Z] [uploadQueue] Retrying task f77ba0224aef3e2703ddf5eb9a9bfc3a01764dbc2ef1838f40e128504d901169
[debug] [2019-05-10T03:30:00.865Z] [uploadQueue] Retrying task dfe8c392149ace351180752c1abcf6bd5a8044e5ea359b202d6ec1ed4466f02c
[debug] [2019-05-10T03:30:00.918Z] [hosting][upload]
[debug] [2019-05-10T03:30:00.964Z] [uploadQueue] Retrying task 153740cc2f0e981f3d3edf736625a35271e0a98261c583bca1b08f215bc4eaef
[debug] [2019-05-10T03:30:01.062Z] [uploadQueue] Retrying task 77b155b5c7e28692fdeb78d97a561844106e6c8d69794a7672874ab8520d1b08
[debug] [2019-05-10T03:30:01.276Z] [uploadQueue] Retrying task a3318f66f10432371be82ae29b22a3dce1b16a7057dff01174df0afee2b2f2ec
[debug] [2019-05-10T03:30:01.289Z] [uploadQueue] Retrying task 2fbc5838e48acebe4702a1db0518cd2f7888362ed6ca12350684f6344532bf59
[debug] [2019-05-10T03:30:01.416Z] [uploadQueue] Retrying task 2495b4513ac1d078f9e25b5f8bc2df120af5d9e1cccd45eeeb64b590a63be7c5
[debug] [2019-05-10T03:30:01.597Z] [uploadQueue] Retrying task d6a685fda45e065f007094e0b294fc199cc60cd8e13a0c5a9bbcfd3b8198fa44
[debug] [2019-05-10T03:30:01.684Z] [uploadQueue] Retrying task e7d431179620cd9f6748be15c772bc0de3c7e9125ddaaec87ce680fdd525eaa3
[debug] [2019-05-10T03:30:01.888Z] [uploadQueue] Retrying task cbee95381e0a4c68ca6ab756d440cfbc6d9277242d6082071e779facbdb2336d
[debug] [2019-05-10T03:30:02.072Z] [uploadQueue] Retrying task ac7921433633dae515cc0f2c585c4a397a3c2c2925eccfba6875f0b5ee0af90b
[debug] [2019-05-10T03:30:02.393Z] [uploadQueue] Retrying task 4ad083739bd4d246814c68466d755bc4cbc3bede887f113ca139069cda2de9f8
[debug] [2019-05-10T03:30:02.455Z] [uploadQueue] Retrying task cff39e92a9c4119f7f4c11f2e51fe3897e56ad6598f8ffe5b896c6e13f71f70e
[debug] [2019-05-10T03:30:02.906Z] [uploadQueue] Retrying task a835030257833ad39e4e03ba3282bf0cbc3a9560475da5cd25f89525657b3b01
[debug] [2019-05-10T03:30:02.936Z] [uploadQueue] Retrying task 17523d02169ac73d938cdf75e6900bc333e6714e098096f25997543e581aa20f
[debug] [2019-05-10T03:30:03.070Z] [uploadQueue] Retrying task 5081380a7594331618031fedcf714f5f1effbef3266358165001404b8948583a
[debug] [2019-05-10T03:30:03.234Z] [uploadQueue] Retrying task f58a608d7eecd2cd6a157f986211aaf8a2010f4beadcd26f264a6ab3a3a0e282
[debug] [2019-05-10T03:30:03.253Z] [uploadQueue] Retrying task a618783fd1e7d4a400b82b6fdb5cf5483388b9b767ab206be64e21f99a8acece
[debug] [2019-05-10T03:30:03.427Z] [uploadQueue] Retrying task 4ad75219512104c07c5e013a14660ad13b6cf82a7a57d54529fe7a84ee7f879e
[debug] [2019-05-10T03:30:03.486Z] [uploadQueue] Retrying task 075cc8b2430c26bcc2e6db1847f2364fa74427b74d1a635fc747f469d2e3f7ac
[debug] [2019-05-10T03:30:03.748Z] [uploadQueue] Retrying task 9e68ac22e32f4a9c5e46ec03d8b0f32f271256ebd6945a384e396f24fcbac7c2
[debug] [2019-05-10T03:30:03.976Z] [uploadQueue] Retrying task db68294874393deb3020547cea626fe3de44f17d277fea13f692fc66df7dd87c
[debug] [2019-05-10T03:30:04.298Z] [uploadQueue] Retrying task 432106b378bd08f73373b74ffa079b6e49ae450371ca83b98a463df9452bd136
[debug] [2019-05-10T03:30:04.366Z] [uploadQueue] Retrying task 3047cf1678f53fe6817cd442bacd268a38c7ce0efca5f4ce06dd0d6aef20475a
[debug] [2019-05-10T03:30:04.435Z] [uploadQueue] Retrying task dbe74579af0927de426a354f96e4bf275a6d1c7663aa7430315a708ed5e6fdc4
[debug] [2019-05-10T03:30:04.725Z] [uploadQueue] Retrying task 4357d11cef9f5ce6963bb09969745cf706343e85a1d707f3fdcb3f57f766b77c
[debug] [2019-05-10T03:30:05.597Z] [uploadQueue] Retrying task fb363154a986102548c11dec1e5203fa3a7e0dc3cfc0d1efc1456c7ac67c0cbb
[debug] [2019-05-10T03:30:05.626Z] [uploadQueue] Retrying task d16f874c640754e0bd0253c52c2d00fae1dec1b44ce524b02ee7e2c44c6cd05a
[debug] [2019-05-10T03:30:05.670Z] [uploadQueue] Retrying task 165fe2c88410f8959874d62a9d18cf069fd427d06ec7ecf49efd00d590276f3d
[debug] [2019-05-10T03:30:05.741Z] [uploadQueue] Retrying task 32520abbb28543f53c8499499c197b7bf93b9f052ba90b29c5a365bad9977093
[debug] [2019-05-10T03:30:05.752Z] [uploadQueue] Retrying task 8bc123a7838a7fc8dd089ef1fd3a27d5b0dcfaf5edead3a6555acb30fc62e082
[debug] [2019-05-10T03:30:05.953Z] [uploadQueue] Retrying task 7f5e85e192816e75e48f74ef29691eabf10174de48bce9c0005abaa6f901d752
[debug] [2019-05-10T03:30:05.965Z] [uploadQueue] Retrying task 3c262bf01a784190aa06543d6ecde1b90a963ae9c804e9e21716c277f5cff9fa
[debug] [2019-05-10T03:30:06.454Z] [uploadQueue] Retrying task ffa405d2f43e93a4d9f2c0036b76c7f05987ef3aa02975bef342a27c032122d5
[debug] [2019-05-10T03:30:06.480Z] [uploadQueue] Retrying task 1df67cd76900bb90b7fe9126407c81c56578c317a96cbe836c6546b0c35a420e
[debug] [2019-05-10T03:30:06.897Z] [uploadQueue] Retrying task 0009cb78e00d22a7b8702dfc442d41c3cf5d2691d5a9d9d396a7c4b5fab507c4
[debug] [2019-05-10T03:30:07.248Z] [uploadQueue] Retrying task 4cf4433c96a15b283d755ff1510515ee5882121dc0730fac70997143ce255761
[debug] [2019-05-10T03:30:07.261Z] [uploadQueue] Retrying task e066c3c7239310c05898e569ba88b94e8735a457283f9db42bc863b903684388
[debug] [2019-05-10T03:30:07.457Z] [uploadQueue] Retrying task 822435ffdc05c9f358fbfc9ab3e011c403f4dc160b17cff601d73f03926af1a5
[debug] [2019-05-10T03:30:07.636Z] [uploadQueue] Retrying task 8d030bbcb24db58dbb1e2c97752b2cb13eff36d35d306cd4b0d538a10cbf7aed
[debug] [2019-05-10T03:30:07.789Z] [uploadQueue] Retrying task b4bae62d4ecaf51f93c286c10bd65c2bd0f4c0c54bca18dcc7d3a1ec2d7c7061
[debug] [2019-05-10T03:30:07.822Z] [uploadQueue] Retrying task 4464ab6699986ce46061ff3395ac794fd72774aa8e3cad0520af681fa4310559
[debug] [2019-05-10T03:30:07.833Z] [uploadQueue] Retrying task dec611a7269245bd551929713214201d1fdd46e85422b28291134804c968e85e
[debug] [2019-05-10T03:30:08.018Z] [uploadQueue] Retrying task b78d7ea3130e1f9f6f9f2f3bb8e749677472a4967a5494ab288d2a5601bcbe92
[debug] [2019-05-10T03:30:08.079Z] [uploadQueue] Retrying task dd83c90a47b1c45de86234a39e9839bdc41d3a0880d20b2ce364dde7cf4dddd5
[debug] [2019-05-10T03:30:08.290Z] [uploadQueue] Retrying task 380e42bcb1bc45ba5a18d6dbf6095e1e311afc305170b3a78fe057d9f0e90640
[debug] [2019-05-10T03:30:08.300Z] [uploadQueue] Retrying task a9ce173a194b21d8cd06c45a67f47bcc74ef1b503b10ece3f69acab1be6d4d77
[debug] [2019-05-10T03:30:08.696Z] [uploadQueue] Retrying task b87612acb32543c51e93ed8a50cbada0597af54cd23106109c1f891e096f3d05
[debug] [2019-05-10T03:30:08.730Z] [uploadQueue] Retrying task 42539417bcb33f6fca43bf3e63ec7aeeac6e9ae4d0244bbcbd7ae66e19fe24a2
[debug] [2019-05-10T03:30:09.026Z] [uploadQueue] Retrying task 072c18e006538df4adae86637cec5b7d9847fa1e082bd64bc7f864e96c5d5217
[debug] [2019-05-10T03:30:09.371Z] [uploadQueue] Retrying task 089cdd75cceb19d865a67a4a818854a684aa7e19981ea35000b0a4481acba445
[debug] [2019-05-10T03:30:09.388Z] [uploadQueue] Retrying task 2e8a578c8958fe15611b822be3c494c72052e643f7cd85a87e479b462a14917b
[debug] [2019-05-10T03:30:09.502Z] [uploadQueue] Retrying task 19c5dd3b71eef00078c34ecb6e02dbf7a014ed78cb32c91d5cd0cb2c049e0ea1
[debug] [2019-05-10T03:30:09.654Z] [uploadQueue] Retrying task daa0bf023d51d2d738b769dd05d897376981cddfcfd5f7fbe9fe6bbcf661d067
[debug] [2019-05-10T03:30:09.718Z] [uploadQueue] Retrying task 7e9a889c13264c6927013fb007c24d62fa37166f53e00b91cc36e238b26eb9dd
[debug] [2019-05-10T03:30:09.994Z] [uploadQueue] Retrying task 38cabef6bb1a08bc3257919c54a191e427a6623d832d926558ea8b93899e860b
[debug] [2019-05-10T03:30:10.130Z] [uploadQueue] Retrying task 3e24d527a41634434ccd1997c0597be59186c5f9064b715793cba0d8a0e917e3
[debug] [2019-05-10T03:30:10.259Z] [uploadQueue] Retrying task ea1f5955ad3e5490c8e171d5105735c0cdc0c14ce9351819bc97700a6253e39b
[debug] [2019-05-10T03:30:10.464Z] [uploadQueue] Retrying task d8435ce2c84df26f0d2e9753176c67b5dbf29d93d80535208cf1ca71e0e545d8
[debug] [2019-05-10T03:30:10.610Z] [uploadQueue] Retrying task 745d62d1a9d83dd54627f0669648b7b0a8c85bb6240cadfcdab1290265c7ffa5
[debug] [2019-05-10T03:30:10.751Z] [uploadQueue] Retrying task 8b25cc3a27179b01ff4b4848d55e0b70e1754b1d74878e082995d90f4f1d6959
[debug] [2019-05-10T03:30:10.774Z] [uploadQueue] Retrying task 2ce61831f39f8982c75224d1b71677b217a1a3ac41516c6bd6522df805aa1923
[debug] [2019-05-10T03:30:10.793Z] [uploadQueue] Retrying task 6bcc09ba5973f70a0c4a9e19ed3e71f9f905e174127d3a43f01216c4bd79ca8e
[debug] [2019-05-10T03:30:11.151Z] [uploadQueue] Retrying task 3bfe7607b5a7c9dffdfa3c5275969e558c8926867b2886100c8e315a3fd96f57
[debug] [2019-05-10T03:30:11.266Z] [uploadQueue] Retrying task 8de73ec153a5ebea0f15c0041eefe10295458ff11d24c57ebd896c7003330cfc
[debug] [2019-05-10T03:30:11.339Z] [uploadQueue] Retrying task 406e6484245248c90b2a06c475b0a3e931bd98d503f70bec27dff4978032d558
[debug] [2019-05-10T03:30:11.578Z] [uploadQueue] Retrying task 7955e9f44234e00959116005a8d44333f651994d54fe87b32be6a4002da3f11f
[debug] [2019-05-10T03:30:11.588Z] [uploadQueue] Retrying task 69b93ce23dacb0aeba1590f3b8a82695f845c1f0471cca463dba832c0472e694
[debug] [2019-05-10T03:30:11.697Z] [uploadQueue] Retrying task dc17a5e12f0ac54b593f734bd2382d5654a1456291273b551de44fae6f1a54f4
[debug] [2019-05-10T03:30:11.730Z] [uploadQueue] Retrying task 18188d584a710eda047de8b5eee288f5e12df56dfe5ee5a0c13d030c18d0ac20
[debug] [2019-05-10T03:30:12.513Z] [uploadQueue] Retrying task 67b1ae78b89c77cf496d912ab371787b036466b6fae9747ab799cebec262422e
[debug] [2019-05-10T03:30:12.615Z] [uploadQueue] Retrying task fce3f2b8b387dd3b0fb416e936af01763b0d0bb097a134aad78e7e47bf3b5ff0
[debug] [2019-05-10T03:30:12.715Z] [uploadQueue] Retrying task d42b1d1ab148b8ae58ba66c4ae38f670292c57b663e109ac2d90378b4302f9cd
[debug] [2019-05-10T03:30:12.764Z] [uploadQueue] Retrying task 125b0d5de11de59e1c95fb1cdabaf996942c01c9ffac6c385a5e73bee3fe811e
[debug] [2019-05-10T03:30:13.130Z] [uploadQueue] Retrying task baf1b5fb64e66d9db79815e38c64bdf5980fed84f3bf0c088a849fbb71b989bb
[debug] [2019-05-10T03:30:13.151Z] [uploadQueue] Retrying task e6405ff2ce3b7fb3b1e7409f2ad7d7dc5013462aa2a4b6a8bb72af01c1ca1735
[debug] [2019-05-10T03:30:13.494Z] [uploadQueue] Retrying task b93228bca0042050d0cec17472f90ac90aa27107671a19d2ebab2124e1ecc8bf
[debug] [2019-05-10T03:30:13.538Z] [uploadQueue] Retrying task d6a685fda45e065f007094e0b294fc199cc60cd8e13a0c5a9bbcfd3b8198fa44
[debug] [2019-05-10T03:30:13.566Z] [uploadQueue] Retrying task 92f23b692a4f9e200a987f6d7a1cac92a3c7b3932d752c0c20e755a1d36abc96
[debug] [2019-05-10T03:30:13.696Z] [uploadQueue] Retrying task 692be06f8e9afac7ee8f448aa393de01efb8ed09b327385365511c1629146919
[debug] [2019-05-10T03:30:14.065Z] [uploadQueue] Retrying task e3fcba89a509d1b57eed4430124f93f7abf388130226061281b7ce009426dab0
[debug] [2019-05-10T03:30:14.077Z] [uploadQueue] Retrying task cff39e92a9c4119f7f4c11f2e51fe3897e56ad6598f8ffe5b896c6e13f71f70e
[debug] [2019-05-10T03:30:14.139Z] [uploadQueue] Retrying task f24f9218c83bd583fda54fcc38285deb85e26b213dda5fcd3908dc770b99f29d
[debug] [2019-05-10T03:30:14.169Z] [uploadQueue] Retrying task c258ea5c8fcb4c94499bce19f32ee894e2aac89b163030c68b8dd99086d9b96b
[debug] [2019-05-10T03:30:14.225Z] [uploadQueue] Retrying task 97853945a2eec8ac2f09c00fdbd063195da2c6211f51f2cc7c4c86f28623e7c8
[debug] [2019-05-10T03:30:14.637Z] [uploadQueue] Retrying task e0d436f76204c3c1561ffa8e94e6abf170c4fc3b5ff0d71f469a55ad519dc32b
[debug] [2019-05-10T03:30:14.639Z] [uploadQueue] Retrying task f7db6d1d20820d1b7ad990adcaa921995f54a1a40ff1060d098130d2254f4f46
[debug] [2019-05-10T03:30:14.906Z] [uploadQueue] Retrying task e9638a5987120e8cb80818ae7b5c5c330b59f5edfac6a0916129338303193854
[debug] [2019-05-10T03:30:15.077Z] [uploadQueue] Retrying task ba9b1f469e30968c99605b3c9d216f5da25ef4f17ccb5d522cde88ae2b6bffd0
[debug] [2019-05-10T03:30:15.123Z] [uploadQueue] Retrying task 4712ef3f6e4ee229e8ad1189bfd4a1dc137fe74734c70b5e0498003aefabc7bd
[debug] [2019-05-10T03:30:15.131Z] [uploadQueue] Retrying task 7a9d7516130ec526280e786f7de7d92feba1e7394243a8d8f0df142f21d2a00f
[debug] [2019-05-10T03:30:15.191Z] [uploadQueue] Retrying task ce1de550bd9620f648f2153417f907e510ea538bb179354135e3fca2f8583ef1
[debug] [2019-05-10T03:30:15.808Z] [uploadQueue] Retrying task a437adec6c49f58ace9b01cbc939570754efd697db310e9d36d1eb2f22389dc0
[debug] [2019-05-10T03:30:15.902Z] [uploadQueue] Retrying task 2208d7e12b8c33f21d792913fc3ed6e6c4ab8c6cbf641db9d571e058e60a2312
[debug] [2019-05-10T03:30:16.075Z] [uploadQueue] Retrying task f53227e051c0c56df2bff2460a2d7621b7aa688448e7e81ec457b9b43854cff2
[debug] [2019-05-10T03:30:16.138Z] [uploadQueue] Retrying task 401f281dbd2caf32e5f9f98e1eac095fc4e529f931224e1fdbfb531622b74de6
[debug] [2019-05-10T03:30:16.184Z] [uploadQueue] Retrying task cbee95381e0a4c68ca6ab756d440cfbc6d9277242d6082071e779facbdb2336d
[debug] [2019-05-10T03:30:16.404Z] [uploadQueue] Retrying task 819fd99af22f0257bee1f82433cc4d428fa7e6851f4777fb9593f739ac378344
[debug] [2019-05-10T03:30:16.590Z] [uploadQueue] Retrying task 9703f1d0778b82677650620ea67e1e09eb7e628b6e7cee6c1f9f5d974b7a78a7
[debug] [2019-05-10T03:30:17.294Z] [uploadQueue] Retrying task d6d202ec99acea3c5457f8601b240abc50ab1f0965ed22dc9769329ebd876540
[debug] [2019-05-10T03:30:17.551Z] [uploadQueue] Retrying task bd8350595246c8d8712ab50b658ce1cf1fc7ef266617d5214647a743c00b5e13
[debug] [2019-05-10T03:30:17.579Z] [uploadQueue] Retrying task ed1ba2f753a5adb99b692fbd654f378b276af0f0362d98b6a25fa2ad17c39d28
[debug] [2019-05-10T03:30:17.709Z] [uploadQueue] Retrying task ae0b31e239af4a284f91c3ebd547814c4322b2134d31bf3980d826a24828cb6b
[debug] [2019-05-10T03:30:17.855Z] [uploadQueue] Retrying task 55711eafe6407739ee5255b48711ae4f0e50049b67cda9c063f8084b9db3ced8
[debug] [2019-05-10T03:30:17.990Z] [uploadQueue] Retrying task 688ea7423d112bd2748f6146aa69640c7785f6117a7156a6b38b33d7e16d946f
[debug] [2019-05-10T03:30:18.274Z] [uploadQueue] Retrying task 5081380a7594331618031fedcf714f5f1effbef3266358165001404b8948583a
[debug] [2019-05-10T03:30:18.387Z] [uploadQueue] Retrying task 1280b73cdac146381d49f898aaec82dfee873769806705a4dad47e01b7b24eb7
[debug] [2019-05-10T03:30:18.394Z] [uploadQueue] Retrying task b1ac77055833f3c99c515c175d0d47032dbb746abdfdaf32dd5031f9a0690769
[debug] [2019-05-10T03:30:18.457Z] [uploadQueue] Retrying task 2cbd8f78ddfdc2347e09a23867d30bbf0257cf3792f09ed54b4b0dd1b4f6b683
[debug] [2019-05-10T03:30:18.868Z] [uploadQueue] Retrying task dbe74579af0927de426a354f96e4bf275a6d1c7663aa7430315a708ed5e6fdc4
[debug] [2019-05-10T03:30:18.964Z] [uploadQueue] Retrying task e893a31237edeac0951e41cb87d61d250d905d8aa94a8a70605dbc09c9841264
[debug] [2019-05-10T03:30:19.697Z] [uploadQueue] Retrying task 9e68ac22e32f4a9c5e46ec03d8b0f32f271256ebd6945a384e396f24fcbac7c2
[debug] [2019-05-10T03:30:19.833Z] [uploadQueue] Retrying task 0ad5d286a415d150d577c3dff414455e80723394a82b483acce5a0e101dd84b9
[debug] [2019-05-10T03:30:19.937Z] [uploadQueue] Retrying task f1cedd570a6fee315ea4f3ff649002213292669594115e62c97f0df3dc29180b
[debug] [2019-05-10T03:30:20.525Z] [uploadQueue] Retries exhausted for task 60d2d4e5216040bf65f57c2ec95dd0ce64d05b0078d9a9ee5b7a2ce8eb051395:
[debug] [2019-05-10T03:30:20.527Z] [hosting][upload queue][FINAL]
[debug] [2019-05-10T03:30:20.643Z] [uploadQueue] Retrying task 267a274479aafb505b4bb253b3e987313a6f44660f27bfd89396a70d0d445aee
[debug] [2019-05-10T03:30:20.729Z] [uploadQueue] Retrying task 5e3e694d04e219879ac095bf20b3dd39af3b485bdf82323923af24c6a8f99bbe
[debug] [2019-05-10T03:30:20.870Z] [uploadQueue] Retrying task 6ef68274ebed0d7be54777762e24364c1b95e9fd5c1e39bd5ca09fd5a20d1052
[debug] [2019-05-10T03:30:20.984Z] [uploadQueue] Retrying task 7d36752ac0d068cb2e7e4f064c0393e6408697e4113ebe97f2c7566d92e319b6
[debug] [2019-05-10T03:30:21.200Z] [uploadQueue] Retrying task 637bb776de1d530275082a95f9eb3645248e9cac147da588083140aae6fd3a65
[debug] [2019-05-10T03:30:21.600Z] [uploadQueue] Retrying task e066c3c7239310c05898e569ba88b94e8735a457283f9db42bc863b903684388
[debug] [2019-05-10T03:30:21.779Z] [uploadQueue] Retrying task ff418b4d776cb09192702448cd99dadf1f64a57d414be17724c325233f9253f0
[debug] [2019-05-10T03:30:21.821Z] [uploadQueue] Retrying task e8aa4937bd6ee8e2fc55e4db5f4b32d11e96df3f0b83f7e26d9d83f4faa1caf6
[debug] [2019-05-10T03:30:21.888Z] [uploadQueue] Retrying task c5884d3bc6812776998e53733c10183da3947f886c89ef5b611ebfaae4eab404
[debug] [2019-05-10T03:30:22.029Z] [uploadQueue] Retrying task f8cd1dcfa9f1c423e1252e7e182c51347e62298b4fceaa8a5f9d3d02a3190c9e
[debug] [2019-05-10T03:30:22.086Z] [uploadQueue] Retrying task 9f6648097bb11b4faead36a776f6462a3e0c79af16d85155eaf4c45917f9c9fa
[debug] [2019-05-10T03:30:22.649Z] [uploadQueue] Retrying task 02421082b1b04275dbb19633d972740ef68df19e618ab8e84502e47aff9514cc
[debug] [2019-05-10T03:30:22.813Z] [uploadQueue] Retrying task 2ce61831f39f8982c75224d1b71677b217a1a3ac41516c6bd6522df805aa1923
[debug] [2019-05-10T03:30:22.837Z] [uploadQueue] Retrying task 807d52e55178e9dad8f0055a6829e4bc5dc7697333b01dc1259a6ab9425fa8d6
[debug] [2019-05-10T03:30:22.894Z] [uploadQueue] Retrying task 132b518754138cef20f57cfcaed4cdf9c73f237233b36e0781160b7084eb6c5a
[debug] [2019-05-10T03:30:22.928Z] [uploadQueue] Retrying task 03b5d1c9ca43839d5508e126397887bb8fc4b93cec026a273847781c765df06a
[debug] [2019-05-10T03:30:23.197Z] [uploadQueue] Retrying task 4824345452f654145554f93e2f6be70c3a86d7748d4513bc7d97cc515b8f1e16
[debug] [2019-05-10T03:30:23.338Z] [uploadQueue] Retrying task f2ea08e706f4384a1cb4bfec2fb083583722382e2228bf4fc6bd14cc808c0e7a
[debug] [2019-05-10T03:30:23.439Z] [uploadQueue] Retrying task 27e00d56e1b153542124e9c8c0ec62351b5e756e4303b441040d0ff263ae7d94
[debug] [2019-05-10T03:30:23.534Z] [uploadQueue] Retrying task 19b6e482a2f9df5aea5d525e61deecf76346229cf1b6e4a094ce51f991044db1
[debug] [2019-05-10T03:30:23.623Z] [uploadQueue] Retrying task 03692f3a28f824f7261d6d383667745cfb4d3180976970d14c51eae10f6de475
[debug] [2019-05-10T03:30:23.659Z] [uploadQueue] Retrying task b1665f72a5f42e0c1e17fdf2f78623db6271e6d112dbb5674a99401acb045c8a
